2025-08-05 16:31:10,080 - INFO - KOICD 스크래핑 시작
2025-08-05 16:31:11,033 - INFO - 페이지 접근: https://www.koicd.kr/ins/act.do
2025-08-05 16:31:14,321 - INFO - 데이터 로딩 완료: 20개 행 발견
2025-08-05 16:31:14,322 - INFO - 페이지 1 처리 시작
2025-08-05 16:31:14,334 - INFO - 페이지 1: 20개 행 발견
2025-08-05 16:31:14,339 - INFO -   행 1/20 처리 중 (class: 5323)
2025-08-05 16:31:14,355 - INFO -   수가코드: AA100
2025-08-05 16:31:31,336 - INFO -   ✅ AA100 처리 완료
2025-08-05 16:31:31,855 - INFO -   행 2/20 처리 중 (class: 5373)
2025-08-05 16:31:31,870 - INFO -   수가코드: AA106
2025-08-05 16:31:48,820 - INFO -   ✅ AA106 처리 완료
2025-08-05 16:31:49,338 - INFO -   행 3/20 처리 중 (class: 5406)
2025-08-05 16:31:49,351 - INFO -   수가코드: AA107
2025-08-05 16:32:06,302 - INFO -   ✅ AA107 처리 완료
2025-08-05 16:32:06,807 - INFO -   행 4/20 처리 중 (class: 5439)
2025-08-05 16:32:06,820 - INFO -   수가코드: AA109
2025-08-05 16:32:23,801 - INFO -   ✅ AA109 처리 완료
2025-08-05 16:32:24,309 - INFO -   행 5/20 처리 중 (class: 5473)
2025-08-05 16:32:24,324 - INFO -   수가코드: AA154
2025-08-05 16:32:41,297 - INFO -   ✅ AA154 처리 완료
2025-08-05 16:32:41,806 - INFO -   행 6/20 처리 중 (class: 5514)
2025-08-05 16:32:41,818 - INFO -   수가코드: AA155
2025-08-05 16:32:58,875 - INFO -   ✅ AA155 처리 완료
2025-08-05 16:32:59,391 - INFO -   행 7/20 처리 중 (class: 5545)
2025-08-05 16:32:59,405 - INFO -   수가코드: AA156
2025-08-05 16:33:16,397 - INFO -   ✅ AA156 처리 완료
2025-08-05 16:33:16,905 - INFO -   행 8/20 처리 중 (class: 5578)
2025-08-05 16:33:16,920 - INFO -   수가코드: AA157
2025-08-05 16:33:33,921 - INFO -   ✅ AA157 처리 완료
2025-08-05 16:33:34,427 - INFO -   행 9/20 처리 중 (class: 5611)
2025-08-05 16:33:34,441 - INFO -   수가코드: AA200
2025-08-05 16:33:51,398 - INFO -   ✅ AA200 처리 완료
2025-08-05 16:33:51,903 - INFO -   행 10/20 처리 중 (class: 5664)
2025-08-05 16:33:51,919 - INFO -   수가코드: AA206
2025-08-05 16:34:08,899 - INFO -   ✅ AA206 처리 완료
2025-08-05 16:34:09,409 - INFO -   행 11/20 처리 중 (class: 5699)
2025-08-05 16:34:09,424 - INFO -   수가코드: AA207
2025-08-05 16:34:26,389 - INFO -   ✅ AA207 처리 완료
2025-08-05 16:34:26,908 - INFO -   행 12/20 처리 중 (class: 5734)
2025-08-05 16:34:26,921 - INFO -   수가코드: AA209
2025-08-05 16:34:43,924 - INFO -   ✅ AA209 처리 완료
2025-08-05 16:34:44,443 - INFO -   행 13/20 처리 중 (class: 5770)
2025-08-05 16:34:44,458 - INFO -   수가코드: AA222
2025-08-05 16:34:46,601 - INFO -   ✅ AA222 처리 완료
2025-08-05 16:34:47,120 - INFO -   행 14/20 처리 중 (class: 5771)
2025-08-05 16:34:47,133 - INFO -   수가코드: AA250
2025-08-05 16:34:49,330 - INFO -   ✅ AA250 처리 완료
2025-08-05 16:34:49,848 - INFO -   행 15/20 처리 중 (class: 5808)
2025-08-05 16:34:49,864 - INFO -   수가코드: AA254
2025-08-05 16:34:51,984 - INFO -   ✅ AA254 처리 완료
2025-08-05 16:34:52,497 - INFO -   행 16/20 처리 중 (class: 5852)
2025-08-05 16:34:52,513 - INFO -   수가코드: AA255
2025-08-05 16:34:54,635 - INFO -   ✅ AA255 처리 완료
2025-08-05 16:34:55,144 - INFO -   행 17/20 처리 중 (class: 5886)
2025-08-05 16:34:55,157 - INFO -   수가코드: AA256
2025-08-05 16:34:57,348 - INFO -   ✅ AA256 처리 완료
2025-08-05 16:34:57,853 - INFO -   행 18/20 처리 중 (class: 5921)
2025-08-05 16:34:57,867 - INFO -   수가코드: AA257
2025-08-05 16:34:59,994 - INFO -   ✅ AA257 처리 완료
2025-08-05 16:35:00,497 - INFO -   행 19/20 처리 중 (class: 5958)
2025-08-05 16:35:00,511 - INFO -   수가코드: AB100
2025-08-05 16:35:02,656 - INFO -   ✅ AB100 처리 완료
2025-08-05 16:35:03,173 - INFO -   행 20/20 처리 중 (class: 5973)
2025-08-05 16:35:03,185 - INFO -   수가코드: AB101
2025-08-05 16:35:05,482 - INFO -   ✅ AB101 처리 완료
2025-08-05 16:35:05,994 - INFO - 페이지 1 완료: 20개 항목 수집
2025-08-05 16:35:05,997 - INFO - CSV 저장 완료: 20개 항목
2025-08-05 16:35:06,014 - INFO - 다음 페이지 버튼 클릭: a:has-text('2')
2025-08-05 16:35:06,776 - INFO - 데이터 로딩 완료: 663개 행 발견
2025-08-05 16:35:06,776 - INFO - 페이지 2로 이동 완료
2025-08-05 16:35:08,778 - INFO - 페이지 2 처리 시작
2025-08-05 16:35:08,791 - INFO - 페이지 2: 20개 행 발견
2025-08-05 16:35:08,798 - INFO -   행 1/20 처리 중 (class: 5988)
2025-08-05 16:35:08,812 - INFO -   수가코드: AB102
2025-08-05 16:35:25,729 - INFO -   ✅ AB102 처리 완료
2025-08-05 16:35:26,247 - INFO -   행 2/20 처리 중 (class: 6003)
2025-08-05 16:35:26,259 - INFO -   수가코드: AB103
2025-08-05 16:35:43,182 - INFO -   ✅ AB103 처리 완료
2025-08-05 16:35:43,689 - INFO -   행 3/20 처리 중 (class: 6018)
2025-08-05 16:35:43,702 - INFO -   수가코드: AB104
2025-08-05 16:36:00,653 - INFO -   ✅ AB104 처리 완료
2025-08-05 16:36:01,165 - INFO -   행 4/20 처리 중 (class: 6033)
2025-08-05 16:36:01,179 - INFO -   수가코드: AB105
2025-08-05 16:36:18,161 - INFO -   ✅ AB105 처리 완료
2025-08-05 16:36:18,667 - INFO -   행 5/20 처리 중 (class: 6048)
2025-08-05 16:36:18,697 - INFO -   수가코드: AB120
2025-08-05 16:36:35,695 - INFO -   ✅ AB120 처리 완료
2025-08-05 16:36:36,204 - INFO -   행 6/20 처리 중 (class: 6063)
2025-08-05 16:36:36,219 - INFO -   수가코드: AB121
2025-08-05 16:36:53,207 - INFO -   ✅ AB121 처리 완료
2025-08-05 16:36:53,724 - INFO -   행 7/20 처리 중 (class: 6078)
2025-08-05 16:36:53,739 - INFO -   수가코드: AB122
2025-08-05 16:37:10,698 - INFO -   ✅ AB122 처리 완료
2025-08-05 16:37:11,203 - INFO -   행 8/20 처리 중 (class: 6093)
2025-08-05 16:37:11,217 - INFO -   수가코드: AB123
2025-08-05 16:37:28,181 - INFO -   ✅ AB123 처리 완료
2025-08-05 16:37:28,700 - INFO -   행 9/20 처리 중 (class: 6108)
2025-08-05 16:37:28,713 - INFO -   수가코드: AB124
2025-08-05 16:37:45,664 - INFO -   ✅ AB124 처리 완료
2025-08-05 16:37:46,169 - INFO -   행 10/20 처리 중 (class: 6123)
2025-08-05 16:37:46,182 - INFO -   수가코드: AB125
2025-08-05 16:38:03,131 - INFO -   ✅ AB125 처리 완료
2025-08-05 16:38:03,636 - INFO -   행 11/20 처리 중 (class: 6138)
2025-08-05 16:38:03,650 - INFO -   수가코드: AB140
2025-08-05 16:38:20,616 - INFO -   ✅ AB140 처리 완료
2025-08-05 16:38:21,106 - INFO -   행 12/20 처리 중 (class: 6153)
2025-08-05 16:38:21,119 - INFO -   수가코드: AB141
2025-08-05 16:38:38,100 - INFO -   ✅ AB141 처리 완료
2025-08-05 16:38:38,618 - INFO -   행 13/20 처리 중 (class: 6168)
2025-08-05 16:38:38,633 - INFO -   수가코드: AB142
2025-08-05 16:38:55,619 - INFO -   ✅ AB142 처리 완료
2025-08-05 16:38:56,139 - INFO -   행 14/20 처리 중 (class: 6183)
2025-08-05 16:38:56,152 - INFO -   수가코드: AB143
2025-08-05 16:39:13,185 - INFO -   ✅ AB143 처리 완료
2025-08-05 16:39:13,704 - INFO -   행 15/20 처리 중 (class: 6198)
2025-08-05 16:39:13,722 - INFO -   수가코드: AB144
2025-08-05 16:39:30,719 - INFO -   ✅ AB144 처리 완료
2025-08-05 16:39:31,237 - INFO -   행 16/20 처리 중 (class: 6213)
2025-08-05 16:39:31,253 - INFO -   수가코드: AB145
2025-08-05 16:39:48,218 - INFO -   ✅ AB145 처리 완료
2025-08-05 16:39:48,725 - INFO -   행 17/20 처리 중 (class: 6228)
2025-08-05 16:39:48,740 - INFO -   수가코드: AB160
2025-08-05 16:40:05,687 - INFO -   ✅ AB160 처리 완료
2025-08-05 16:40:06,205 - INFO -   행 18/20 처리 중 (class: 6243)
2025-08-05 16:40:06,218 - INFO -   수가코드: AB161
2025-08-05 16:40:23,197 - INFO -   ✅ AB161 처리 완료
2025-08-05 16:40:23,707 - INFO -   행 19/20 처리 중 (class: 6258)
2025-08-05 16:40:23,722 - INFO -   수가코드: AB162
2025-08-05 16:40:40,753 - INFO -   ✅ AB162 처리 완료
2025-08-05 16:40:41,272 - INFO -   행 20/20 처리 중 (class: 6273)
2025-08-05 16:40:41,284 - INFO -   수가코드: AB163
2025-08-05 16:40:58,287 - INFO -   ✅ AB163 처리 완료
2025-08-05 16:40:58,802 - INFO - 페이지 2 완료: 20개 항목 수집
2025-08-05 16:40:58,804 - INFO - CSV 저장 완료: 40개 항목
2025-08-05 16:40:58,816 - INFO - 다음 페이지 버튼 클릭: a:has-text('3')
2025-08-05 16:40:59,265 - INFO - 데이터 로딩 완료: 300개 행 발견
2025-08-05 16:40:59,265 - INFO - 페이지 3로 이동 완료
2025-08-05 16:41:01,266 - INFO - 페이지 3 처리 시작
2025-08-05 16:41:01,279 - INFO - 페이지 3: 20개 행 발견
2025-08-05 16:41:01,285 - INFO -   행 1/20 처리 중 (class: 6288)
2025-08-05 16:41:01,297 - INFO -   수가코드: AB164
2025-08-05 16:41:18,278 - INFO -   ✅ AB164 처리 완료
2025-08-05 16:41:18,785 - INFO -   행 2/20 처리 중 (class: 6303)
2025-08-05 16:41:18,799 - INFO -   수가코드: AB165
2025-08-05 16:41:35,750 - INFO -   ✅ AB165 처리 완료
2025-08-05 16:41:36,253 - INFO -   행 3/20 처리 중 (class: 6318)
2025-08-05 16:41:36,266 - INFO -   수가코드: AB170
2025-08-05 16:41:53,225 - INFO -   ✅ AB170 처리 완료
2025-08-05 16:41:53,738 - INFO -   행 4/20 처리 중 (class: 6333)
2025-08-05 16:41:53,752 - INFO -   수가코드: AB171
2025-08-05 16:42:10,794 - INFO -   ✅ AB171 처리 완료
2025-08-05 16:42:11,311 - INFO -   행 5/20 처리 중 (class: 6348)
2025-08-05 16:42:11,325 - INFO -   수가코드: AB172
2025-08-05 16:42:28,307 - INFO -   ✅ AB172 처리 완료
2025-08-05 16:42:28,822 - INFO -   행 6/20 처리 중 (class: 6363)
2025-08-05 16:42:28,838 - INFO -   수가코드: AB173
2025-08-05 16:42:45,820 - INFO -   ✅ AB173 처리 완료
2025-08-05 16:42:46,338 - INFO -   행 7/20 처리 중 (class: 6378)
2025-08-05 16:42:46,352 - INFO -   수가코드: AB174
2025-08-05 16:43:03,345 - INFO -   ✅ AB174 처리 완료
2025-08-05 16:43:03,856 - INFO -   행 8/20 처리 중 (class: 6393)
2025-08-05 16:43:03,868 - INFO -   수가코드: AB175
2025-08-05 16:43:20,836 - INFO -   ✅ AB175 처리 완료
2025-08-05 16:43:21,354 - INFO -   행 9/20 처리 중 (class: 6408)
2025-08-05 16:43:21,367 - INFO -   수가코드: AB200
2025-08-05 16:43:38,353 - INFO -   ✅ AB200 처리 완료
2025-08-05 16:43:38,873 - INFO -   행 10/20 처리 중 (class: 6423)
2025-08-05 16:43:38,885 - INFO -   수가코드: AB201
2025-08-05 16:43:55,853 - INFO -   ✅ AB201 처리 완료
2025-08-05 16:43:56,373 - INFO -   행 11/20 처리 중 (class: 6438)
2025-08-05 16:43:56,385 - INFO -   수가코드: AB202
2025-08-05 16:44:13,306 - INFO -   ✅ AB202 처리 완료
2025-08-05 16:44:13,823 - INFO -   행 12/20 처리 중 (class: 6453)
2025-08-05 16:44:13,835 - INFO -   수가코드: AB203
2025-08-05 16:44:30,788 - INFO -   ✅ AB203 처리 완료
2025-08-05 16:44:31,309 - INFO -   행 13/20 처리 중 (class: 6468)
2025-08-05 16:44:31,321 - INFO -   수가코드: AB204
2025-08-05 16:44:48,289 - INFO -   ✅ AB204 처리 완료
2025-08-05 16:44:48,805 - INFO -   행 14/20 처리 중 (class: 6483)
2025-08-05 16:44:48,819 - INFO -   수가코드: AB205
2025-08-05 16:45:05,803 - INFO -   ✅ AB205 처리 완료
2025-08-05 16:45:06,310 - INFO -   행 15/20 처리 중 (class: 6498)
2025-08-05 16:45:06,324 - INFO -   수가코드: AB207
2025-08-05 16:45:23,306 - INFO -   ✅ AB207 처리 완료
2025-08-05 16:45:23,823 - INFO -   행 16/20 처리 중 (class: 6513)
2025-08-05 16:45:23,840 - INFO -   수가코드: AB217
2025-08-05 16:45:40,792 - INFO -   ✅ AB217 처리 완료
2025-08-05 16:45:41,308 - INFO -   행 17/20 처리 중 (class: 6528)
2025-08-05 16:45:41,321 - INFO -   수가코드: AB220
2025-08-05 16:45:58,291 - INFO -   ✅ AB220 처리 완료
2025-08-05 16:45:58,808 - INFO -   행 18/20 처리 중 (class: 6543)
2025-08-05 16:45:58,823 - INFO -   수가코드: AB221
2025-08-05 16:46:15,822 - INFO -   ✅ AB221 처리 완료
2025-08-05 16:46:16,327 - INFO -   행 19/20 처리 중 (class: 6558)
2025-08-05 16:46:16,344 - INFO -   수가코드: AB222
2025-08-05 16:46:33,354 - INFO -   ✅ AB222 처리 완료
2025-08-05 16:46:33,860 - INFO -   행 20/20 처리 중 (class: 6573)
2025-08-05 16:46:33,873 - INFO -   수가코드: AB223
2025-08-05 16:46:50,860 - INFO -   ✅ AB223 처리 완료
2025-08-05 16:46:51,375 - INFO - 페이지 3 완료: 20개 항목 수집
2025-08-05 16:46:51,377 - INFO - CSV 저장 완료: 60개 항목
2025-08-05 16:46:51,388 - INFO - 다음 페이지 버튼 클릭: a:has-text('4')
2025-08-05 16:46:51,802 - INFO - 데이터 로딩 완료: 300개 행 발견
2025-08-05 16:46:51,802 - INFO - 페이지 4로 이동 완료
2025-08-05 16:46:53,803 - INFO - 페이지 4 처리 시작
2025-08-05 16:46:53,817 - INFO - 페이지 4: 20개 행 발견
2025-08-05 16:46:53,821 - INFO -   행 1/20 처리 중 (class: 6588)
2025-08-05 16:46:53,834 - INFO -   수가코드: AB224
2025-08-05 16:47:10,777 - INFO -   ✅ AB224 처리 완료
2025-08-05 16:47:11,293 - INFO -   행 2/20 처리 중 (class: 6603)
2025-08-05 16:47:11,307 - INFO -   수가코드: AB225
2025-08-05 16:47:28,255 - INFO -   ✅ AB225 처리 완료
2025-08-05 16:47:28,762 - INFO -   행 3/20 처리 중 (class: 6618)
2025-08-05 16:47:28,776 - INFO -   수가코드: AB227
2025-08-05 16:47:45,728 - INFO -   ✅ AB227 처리 완료
2025-08-05 16:47:46,243 - INFO -   행 4/20 처리 중 (class: 6633)
2025-08-05 16:47:46,256 - INFO -   수가코드: AB237
2025-08-05 16:48:03,237 - INFO -   ✅ AB237 처리 완료
2025-08-05 16:48:03,741 - INFO -   행 5/20 처리 중 (class: 6648)
2025-08-05 16:48:03,755 - INFO -   수가코드: AB240
2025-08-05 16:48:20,724 - INFO -   ✅ AB240 처리 완료
2025-08-05 16:48:21,231 - INFO -   행 6/20 처리 중 (class: 6663)
2025-08-05 16:48:21,246 - INFO -   수가코드: AB241
2025-08-05 16:48:38,208 - INFO -   ✅ AB241 처리 완료
2025-08-05 16:48:38,727 - INFO -   행 7/20 처리 중 (class: 6678)
2025-08-05 16:48:38,740 - INFO -   수가코드: AB242
2025-08-05 16:48:55,690 - INFO -   ✅ AB242 처리 완료
2025-08-05 16:48:56,210 - INFO -   행 8/20 처리 중 (class: 6693)
2025-08-05 16:48:56,221 - INFO -   수가코드: AB243
2025-08-05 16:49:13,191 - INFO -   ✅ AB243 처리 완료
2025-08-05 16:49:13,696 - INFO -   행 9/20 처리 중 (class: 6708)
2025-08-05 16:49:13,710 - INFO -   수가코드: AB244
2025-08-05 16:49:30,675 - INFO -   ✅ AB244 처리 완료
2025-08-05 16:49:31,179 - INFO -   행 10/20 처리 중 (class: 6723)
2025-08-05 16:49:31,195 - INFO -   수가코드: AB245
2025-08-05 16:49:48,193 - INFO -   ✅ AB245 처리 완료
2025-08-05 16:49:48,711 - INFO -   행 11/20 처리 중 (class: 6738)
2025-08-05 16:49:48,724 - INFO -   수가코드: AB247
2025-08-05 16:50:05,679 - INFO -   ✅ AB247 처리 완료
2025-08-05 16:50:06,195 - INFO -   행 12/20 처리 중 (class: 6753)
2025-08-05 16:50:06,209 - INFO -   수가코드: AB257
2025-08-05 16:50:23,163 - INFO -   ✅ AB257 처리 완료
2025-08-05 16:50:23,681 - INFO -   행 13/20 처리 중 (class: 6768)
2025-08-05 16:50:23,693 - INFO -   수가코드: AB260
2025-08-05 16:50:40,675 - INFO -   ✅ AB260 처리 완료
2025-08-05 16:50:41,181 - INFO -   행 14/20 처리 중 (class: 6783)
2025-08-05 16:50:41,195 - INFO -   수가코드: AB261
2025-08-05 16:50:58,145 - INFO -   ✅ AB261 처리 완료
2025-08-05 16:50:58,663 - INFO -   행 15/20 처리 중 (class: 6798)
2025-08-05 16:50:58,676 - INFO -   수가코드: AB262
2025-08-05 16:51:15,626 - INFO -   ✅ AB262 처리 완료
2025-08-05 16:51:16,146 - INFO -   행 16/20 처리 중 (class: 6813)
2025-08-05 16:51:16,161 - INFO -   수가코드: AB263
2025-08-05 16:51:33,128 - INFO -   ✅ AB263 처리 완료
2025-08-05 16:51:33,645 - INFO -   행 17/20 처리 중 (class: 6828)
2025-08-05 16:51:33,659 - INFO -   수가코드: AB264
2025-08-05 16:51:50,645 - INFO -   ✅ AB264 처리 완료
2025-08-05 16:51:51,151 - INFO -   행 18/20 처리 중 (class: 6843)
2025-08-05 16:51:51,164 - INFO -   수가코드: AB265
2025-08-05 16:52:08,097 - INFO -   ✅ AB265 처리 완료
2025-08-05 16:52:08,604 - INFO -   행 19/20 처리 중 (class: 6858)
2025-08-05 16:52:08,619 - INFO -   수가코드: AB267
2025-08-05 16:52:25,596 - INFO -   ✅ AB267 처리 완료
2025-08-05 16:52:26,114 - INFO -   행 20/20 처리 중 (class: 6873)
2025-08-05 16:52:26,128 - INFO -   수가코드: AB270
2025-08-05 16:52:43,214 - INFO -   ✅ AB270 처리 완료
2025-08-05 16:52:43,727 - INFO - 페이지 4 완료: 20개 항목 수집
2025-08-05 16:52:43,729 - INFO - CSV 저장 완료: 80개 항목
2025-08-05 16:52:43,740 - INFO - 다음 페이지 버튼 클릭: a:has-text('5')
2025-08-05 16:52:44,190 - INFO - 데이터 로딩 완료: 300개 행 발견
2025-08-05 16:52:44,190 - INFO - 페이지 5로 이동 완료
2025-08-05 16:52:46,191 - INFO - 페이지 5 처리 시작
2025-08-05 16:52:46,204 - INFO - 페이지 5: 20개 행 발견
2025-08-05 16:52:46,210 - INFO -   행 1/20 처리 중 (class: 6888)
2025-08-05 16:52:46,225 - INFO -   수가코드: AB271
2025-08-05 16:53:03,191 - INFO -   ✅ AB271 처리 완료
2025-08-05 16:53:03,696 - INFO -   행 2/20 처리 중 (class: 6903)
2025-08-05 16:53:03,709 - INFO -   수가코드: AB272
2025-08-05 16:53:20,660 - INFO -   ✅ AB272 처리 완료
2025-08-05 16:53:21,168 - INFO -   행 3/20 처리 중 (class: 6918)
2025-08-05 16:53:21,184 - INFO -   수가코드: AB273
2025-08-05 16:53:38,110 - INFO -   ✅ AB273 처리 완료
2025-08-05 16:53:38,616 - INFO -   행 4/20 처리 중 (class: 6933)
2025-08-05 16:53:38,633 - INFO -   수가코드: AB274
2025-08-05 16:53:55,602 - INFO -   ✅ AB274 처리 완료
2025-08-05 16:53:56,115 - INFO -   행 5/20 처리 중 (class: 6948)
2025-08-05 16:53:56,128 - INFO -   수가코드: AB275
2025-08-05 16:54:13,077 - INFO -   ✅ AB275 처리 완료
2025-08-05 16:54:13,581 - INFO -   행 6/20 처리 중 (class: 6963)
2025-08-05 16:54:13,594 - INFO -   수가코드: AB277
2025-08-05 16:54:30,536 - INFO -   ✅ AB277 처리 완료
2025-08-05 16:54:31,044 - INFO -   행 7/20 처리 중 (class: 6978)
2025-08-05 16:54:31,075 - INFO -   수가코드: AB287
2025-08-05 16:54:48,063 - INFO -   ✅ AB287 처리 완료
2025-08-05 16:54:48,575 - INFO -   행 8/20 처리 중 (class: 6993)
2025-08-05 16:54:48,588 - INFO -   수가코드: AB297
2025-08-05 16:55:05,545 - INFO -   ✅ AB297 처리 완료
2025-08-05 16:55:06,050 - INFO -   행 9/20 처리 중 (class: 7008)
2025-08-05 16:55:06,062 - INFO -   수가코드: AB300
2025-08-05 16:55:23,022 - INFO -   ✅ AB300 처리 완료
2025-08-05 16:55:23,535 - INFO -   행 10/20 처리 중 (class: 7023)
2025-08-05 16:55:23,548 - INFO -   수가코드: AB301
2025-08-05 16:55:40,506 - INFO -   ✅ AB301 처리 완료
2025-08-05 16:55:41,014 - INFO -   행 11/20 처리 중 (class: 7038)
2025-08-05 16:55:41,029 - INFO -   수가코드: AB302
2025-08-05 16:55:57,978 - INFO -   ✅ AB302 처리 완료
2025-08-05 16:55:58,483 - INFO -   행 12/20 처리 중 (class: 7053)
2025-08-05 16:55:58,497 - INFO -   수가코드: AB303
2025-08-05 16:56:15,499 - INFO -   ✅ AB303 처리 완료
2025-08-05 16:56:16,017 - INFO -   행 13/20 처리 중 (class: 7068)
2025-08-05 16:56:16,030 - INFO -   수가코드: AB304
2025-08-05 16:56:32,976 - INFO -   ✅ AB304 처리 완료
2025-08-05 16:56:33,481 - INFO -   행 14/20 처리 중 (class: 7083)
2025-08-05 16:56:33,498 - INFO -   수가코드: AB305
2025-08-05 16:56:50,450 - INFO -   ✅ AB305 처리 완료
2025-08-05 16:56:50,957 - INFO -   행 15/20 처리 중 (class: 7098)
2025-08-05 16:56:50,971 - INFO -   수가코드: AB307
2025-08-05 16:57:07,956 - INFO -   ✅ AB307 처리 완료
2025-08-05 16:57:08,471 - INFO -   행 16/20 처리 중 (class: 7113)
2025-08-05 16:57:08,483 - INFO -   수가코드: AB317
2025-08-05 16:57:25,500 - INFO -   ✅ AB317 처리 완료
2025-08-05 16:57:26,004 - INFO -   행 17/20 처리 중 (class: 7128)
2025-08-05 16:57:26,019 - INFO -   수가코드: AB320
2025-08-05 16:57:43,000 - INFO -   ✅ AB320 처리 완료
2025-08-05 16:57:43,505 - INFO -   행 18/20 처리 중 (class: 7143)
2025-08-05 16:57:43,518 - INFO -   수가코드: AB321
2025-08-05 16:58:00,450 - INFO -   ✅ AB321 처리 완료
2025-08-05 16:58:00,969 - INFO -   행 19/20 처리 중 (class: 7158)
2025-08-05 16:58:00,983 - INFO -   수가코드: AB322
2025-08-05 16:58:17,930 - INFO -   ✅ AB322 처리 완료
2025-08-05 16:58:18,437 - INFO -   행 20/20 처리 중 (class: 7173)
2025-08-05 16:58:18,450 - INFO -   수가코드: AB323
2025-08-05 16:58:35,460 - INFO -   ✅ AB323 처리 완료
2025-08-05 16:58:35,970 - INFO - 페이지 5 완료: 20개 항목 수집
2025-08-05 16:58:35,970 - INFO - CSV 저장 완료: 100개 항목
2025-08-05 16:58:35,981 - INFO - 다음 페이지 버튼 클릭: a:has-text('6')
2025-08-05 16:58:36,420 - INFO - 데이터 로딩 완료: 300개 행 발견
2025-08-05 16:58:36,420 - INFO - 페이지 6로 이동 완료
2025-08-05 16:58:38,429 - INFO - 페이지 6 처리 시작
2025-08-05 16:58:38,442 - INFO - 페이지 6: 20개 행 발견
2025-08-05 16:58:38,448 - INFO -   행 1/20 처리 중 (class: 7188)
2025-08-05 16:58:38,459 - INFO -   수가코드: AB324
2025-08-05 16:58:55,409 - INFO -   ✅ AB324 처리 완료
2025-08-05 16:58:55,919 - INFO -   행 2/20 처리 중 (class: 7203)
2025-08-05 16:58:55,934 - INFO -   수가코드: AB325
2025-08-05 16:59:12,967 - INFO -   ✅ AB325 처리 완료
2025-08-05 16:59:13,484 - INFO -   행 3/20 처리 중 (class: 7218)
2025-08-05 16:59:13,496 - INFO -   수가코드: AB327
2025-08-05 16:59:30,463 - INFO -   ✅ AB327 처리 완료
2025-08-05 16:59:30,981 - INFO -   행 4/20 처리 중 (class: 7233)
2025-08-05 16:59:30,995 - INFO -   수가코드: AB337
2025-08-05 16:59:47,936 - INFO -   ✅ AB337 처리 완료
2025-08-05 16:59:48,448 - INFO -   행 5/20 처리 중 (class: 7248)
2025-08-05 16:59:48,465 - INFO -   수가코드: AB340
2025-08-05 17:00:05,444 - INFO -   ✅ AB340 처리 완료
2025-08-05 17:00:05,949 - INFO -   행 6/20 처리 중 (class: 7263)
2025-08-05 17:00:05,965 - INFO -   수가코드: AB341
2025-08-05 17:00:22,936 - INFO -   ✅ AB341 처리 완료
2025-08-05 17:00:23,452 - INFO -   행 7/20 처리 중 (class: 7278)
2025-08-05 17:00:23,464 - INFO -   수가코드: AB342
2025-08-05 17:00:40,468 - INFO -   ✅ AB342 처리 완료
2025-08-05 17:00:40,987 - INFO -   행 8/20 처리 중 (class: 7293)
2025-08-05 17:00:41,001 - INFO -   수가코드: AB343
2025-08-05 17:00:57,966 - INFO -   ✅ AB343 처리 완료
2025-08-05 17:00:58,472 - INFO -   행 9/20 처리 중 (class: 7308)
2025-08-05 17:00:58,485 - INFO -   수가코드: AB344
2025-08-05 17:01:15,468 - INFO -   ✅ AB344 처리 완료
2025-08-05 17:01:15,980 - INFO -   행 10/20 처리 중 (class: 7323)
2025-08-05 17:01:15,993 - INFO -   수가코드: AB345
2025-08-05 17:01:32,958 - INFO -   ✅ AB345 처리 완료
2025-08-05 17:01:33,471 - INFO -   행 11/20 처리 중 (class: 7338)
2025-08-05 17:01:33,485 - INFO -   수가코드: AB347
2025-08-05 17:01:50,425 - INFO -   ✅ AB347 처리 완료
2025-08-05 17:01:50,938 - INFO -   행 12/20 처리 중 (class: 7353)
2025-08-05 17:01:50,951 - INFO -   수가코드: AB357
2025-08-05 17:02:07,888 - INFO -   ✅ AB357 처리 완료
2025-08-05 17:02:08,405 - INFO -   행 13/20 처리 중 (class: 7368)
2025-08-05 17:02:08,419 - INFO -   수가코드: AB400
2025-08-05 17:02:25,388 - INFO -   ✅ AB400 처리 완료
2025-08-05 17:02:25,903 - INFO -   행 14/20 처리 중 (class: 7383)
2025-08-05 17:02:25,917 - INFO -   수가코드: AB401
2025-08-05 17:02:42,874 - INFO -   ✅ AB401 처리 완료
2025-08-05 17:02:43,390 - INFO -   행 15/20 처리 중 (class: 7398)
2025-08-05 17:02:43,404 - INFO -   수가코드: AB402
2025-08-05 17:03:00,392 - INFO -   ✅ AB402 처리 완료
2025-08-05 17:03:00,905 - INFO -   행 16/20 처리 중 (class: 7413)
2025-08-05 17:03:00,968 - INFO -   수가코드: AB403
2025-08-05 17:03:17,951 - INFO -   ✅ AB403 처리 완료
2025-08-05 17:03:18,467 - INFO -   행 17/20 처리 중 (class: 7428)
2025-08-05 17:03:18,480 - INFO -   수가코드: AB404
2025-08-05 17:03:35,438 - INFO -   ✅ AB404 처리 완료
2025-08-05 17:03:35,957 - INFO -   행 18/20 처리 중 (class: 7443)
2025-08-05 17:03:35,973 - INFO -   수가코드: AB405
2025-08-05 17:03:52,968 - INFO -   ✅ AB405 처리 완료
2025-08-05 17:03:53,473 - INFO -   행 19/20 처리 중 (class: 7458)
2025-08-05 17:03:53,485 - INFO -   수가코드: AB420
2025-08-05 17:04:10,448 - INFO -   ✅ AB420 처리 완료
2025-08-05 17:04:10,956 - INFO -   행 20/20 처리 중 (class: 7473)
2025-08-05 17:04:10,971 - INFO -   수가코드: AB421
2025-08-05 17:04:27,996 - INFO -   ✅ AB421 처리 완료
2025-08-05 17:04:28,503 - INFO - 페이지 6 완료: 20개 항목 수집
2025-08-05 17:04:28,505 - INFO - CSV 저장 완료: 120개 항목
2025-08-05 17:04:28,514 - INFO - 다음 페이지 버튼 클릭: a:has-text('7')
2025-08-05 17:04:28,955 - INFO - 데이터 로딩 완료: 300개 행 발견
2025-08-05 17:04:28,955 - INFO - 페이지 7로 이동 완료
2025-08-05 17:04:30,968 - INFO - 페이지 7 처리 시작
2025-08-05 17:04:30,981 - INFO - 페이지 7: 20개 행 발견
2025-08-05 17:04:30,986 - INFO -   행 1/20 처리 중 (class: 7488)
2025-08-05 17:04:30,999 - INFO -   수가코드: AB422
2025-08-05 17:04:47,985 - INFO -   ✅ AB422 처리 완료
2025-08-05 17:04:48,490 - INFO -   행 2/20 처리 중 (class: 7503)
2025-08-05 17:04:48,503 - INFO -   수가코드: AB423
2025-08-05 17:05:05,459 - INFO -   ✅ AB423 처리 완료
2025-08-05 17:05:05,972 - INFO -   행 3/20 처리 중 (class: 7518)
2025-08-05 17:05:05,985 - INFO -   수가코드: AB424
2025-08-05 17:05:22,922 - INFO -   ✅ AB424 처리 완료
2025-08-05 17:05:23,437 - INFO -   행 4/20 처리 중 (class: 7533)
2025-08-05 17:05:23,451 - INFO -   수가코드: AB425
2025-08-05 17:05:40,411 - INFO -   ✅ AB425 처리 완료
2025-08-05 17:05:40,923 - INFO -   행 5/20 처리 중 (class: 7548)
2025-08-05 17:05:40,938 - INFO -   수가코드: AB440
2025-08-05 17:05:57,937 - INFO -   ✅ AB440 처리 완료
2025-08-05 17:05:58,441 - INFO -   행 6/20 처리 중 (class: 7563)
2025-08-05 17:05:58,457 - INFO -   수가코드: AB441
2025-08-05 17:06:15,408 - INFO -   ✅ AB441 처리 완료
2025-08-05 17:06:15,923 - INFO -   행 7/20 처리 중 (class: 7578)
2025-08-05 17:06:15,938 - INFO -   수가코드: AB442
2025-08-05 17:06:32,885 - INFO -   ✅ AB442 처리 완료
2025-08-05 17:06:33,390 - INFO -   행 8/20 처리 중 (class: 7593)
2025-08-05 17:06:33,403 - INFO -   수가코드: AB443
2025-08-05 17:06:50,370 - INFO -   ✅ AB443 처리 완료
2025-08-05 17:06:50,877 - INFO -   행 9/20 처리 중 (class: 7608)
2025-08-05 17:06:50,892 - INFO -   수가코드: AB444
2025-08-05 17:07:07,876 - INFO -   ✅ AB444 처리 완료
2025-08-05 17:07:08,390 - INFO -   행 10/20 처리 중 (class: 7623)
2025-08-05 17:07:08,405 - INFO -   수가코드: AB445
2025-08-05 17:07:25,415 - INFO -   ✅ AB445 처리 완료
2025-08-05 17:07:25,926 - INFO -   행 11/20 처리 중 (class: 8298)
2025-08-05 17:07:25,937 - INFO -   수가코드: AC001
2025-08-05 17:07:28,051 - INFO -   ✅ AC001 처리 완료
2025-08-05 17:07:28,553 - INFO -   행 12/20 처리 중 (class: 8299)
2025-08-05 17:07:28,567 - INFO -   수가코드: AC002
2025-08-05 17:07:30,687 - INFO -   ✅ AC002 처리 완료
2025-08-05 17:07:31,199 - INFO -   행 13/20 처리 중 (class: 8300)
2025-08-05 17:07:31,211 - INFO -   수가코드: AC003
2025-08-05 17:07:33,288 - INFO -   ✅ AC003 처리 완료
2025-08-05 17:07:33,793 - INFO -   행 14/20 처리 중 (class: 8301)
2025-08-05 17:07:33,807 - INFO -   수가코드: AC004
2025-08-05 17:07:35,938 - INFO -   ✅ AC004 처리 완료
2025-08-05 17:07:36,448 - INFO -   행 15/20 처리 중 (class: 8302)
2025-08-05 17:07:36,463 - INFO -   수가코드: AC005
2025-08-05 17:07:38,594 - INFO -   ✅ AC005 처리 완료
2025-08-05 17:07:39,101 - INFO -   행 16/20 처리 중 (class: 8303)
2025-08-05 17:07:39,116 - INFO -   수가코드: AC006
2025-08-05 17:07:41,222 - INFO -   ✅ AC006 처리 완료
2025-08-05 17:07:41,729 - INFO -   행 17/20 처리 중 (class: 8304)
2025-08-05 17:07:41,743 - INFO -   수가코드: AC007
2025-08-05 17:07:43,900 - INFO -   ✅ AC007 처리 완료
2025-08-05 17:07:44,407 - INFO -   행 18/20 처리 중 (class: 8305)
2025-08-05 17:07:44,420 - INFO -   수가코드: AC031
2025-08-05 17:07:46,572 - INFO -   ✅ AC031 처리 완료
2025-08-05 17:07:47,085 - INFO -   행 19/20 처리 중 (class: 8306)
2025-08-05 17:07:47,099 - INFO -   수가코드: AC032
2025-08-05 17:07:49,254 - INFO -   ✅ AC032 처리 완료
2025-08-05 17:07:49,764 - INFO -   행 20/20 처리 중 (class: 8307)
2025-08-05 17:07:49,780 - INFO -   수가코드: AC033
2025-08-05 17:07:51,887 - INFO -   ✅ AC033 처리 완료
2025-08-05 17:07:52,391 - INFO - 페이지 7 완료: 20개 항목 수집
2025-08-05 17:07:52,393 - INFO - CSV 저장 완료: 140개 항목
2025-08-05 17:07:52,401 - INFO - 다음 페이지 버튼 클릭: a:has-text('8')
2025-08-05 17:07:52,814 - INFO - 데이터 로딩 완료: 160개 행 발견
2025-08-05 17:07:52,814 - INFO - 페이지 8로 이동 완료
2025-08-05 17:07:54,818 - INFO - 페이지 8 처리 시작
2025-08-05 17:07:54,831 - INFO - 페이지 8: 20개 행 발견
2025-08-05 17:07:54,837 - INFO -   행 1/20 처리 중 (class: 8308)
2025-08-05 17:07:54,850 - INFO -   수가코드: AC034
2025-08-05 17:07:56,930 - INFO -   ✅ AC034 처리 완료
2025-08-05 17:07:57,449 - INFO -   행 2/20 처리 중 (class: 8309)
2025-08-05 17:07:57,463 - INFO -   수가코드: AC301
2025-08-05 17:07:59,543 - INFO -   ✅ AC301 처리 완료
2025-08-05 17:08:00,061 - INFO -   행 3/20 처리 중 (class: 8321)
2025-08-05 17:08:00,075 - INFO -   수가코드: AC302
2025-08-05 17:08:02,157 - INFO -   ✅ AC302 처리 완료
2025-08-05 17:08:02,673 - INFO -   행 4/20 처리 중 (class: 8333)
2025-08-05 17:08:02,685 - INFO -   수가코드: AC303
2025-08-05 17:08:04,766 - INFO -   ✅ AC303 처리 완료
2025-08-05 17:08:05,269 - INFO -   행 5/20 처리 중 (class: 8345)
2025-08-05 17:08:05,282 - INFO -   수가코드: AC304
2025-08-05 17:08:07,411 - INFO -   ✅ AC304 처리 완료
2025-08-05 17:08:07,931 - INFO -   행 6/20 처리 중 (class: 8357)
2025-08-05 17:08:07,945 - INFO -   수가코드: AC410
2025-08-05 17:08:10,025 - INFO -   ✅ AC410 처리 완료
2025-08-05 17:08:10,542 - INFO -   행 7/20 처리 중 (class: 8358)
2025-08-05 17:08:10,554 - INFO -   수가코드: AC421
2025-08-05 17:08:12,718 - INFO -   ✅ AC421 처리 완료
2025-08-05 17:08:13,236 - INFO -   행 8/20 처리 중 (class: 8359)
2025-08-05 17:08:13,249 - INFO -   수가코드: AC422
2025-08-05 17:08:15,346 - INFO -   ✅ AC422 처리 완료
2025-08-05 17:08:15,867 - INFO -   행 9/20 처리 중 (class: 8360)
2025-08-05 17:08:15,883 - INFO -   수가코드: AC430
2025-08-05 17:08:17,978 - INFO -   ✅ AC430 처리 완료
2025-08-05 17:08:18,494 - INFO -   행 10/20 처리 중 (class: 8361)
2025-08-05 17:08:18,507 - INFO -   수가코드: AC600
2025-08-05 17:08:20,656 - INFO -   ✅ AC600 처리 완료
2025-08-05 17:08:21,173 - INFO -   행 11/20 처리 중 (class: 8362)
2025-08-05 17:08:21,185 - INFO -   수가코드: AC611
2025-08-05 17:08:23,265 - INFO -   ✅ AC611 처리 완료
2025-08-05 17:08:23,769 - INFO -   행 12/20 처리 중 (class: 8365)
2025-08-05 17:08:23,786 - INFO -   수가코드: AC612
2025-08-05 17:08:25,863 - INFO -   ✅ AC612 처리 완료
2025-08-05 17:08:26,378 - INFO -   행 13/20 처리 중 (class: 8368)
2025-08-05 17:08:26,391 - INFO -   수가코드: AC621
2025-08-05 17:08:28,488 - INFO -   ✅ AC621 처리 완료
2025-08-05 17:08:29,005 - INFO -   행 14/20 처리 중 (class: 8371)
2025-08-05 17:08:29,017 - INFO -   수가코드: AC622
2025-08-05 17:08:31,102 - INFO -   ✅ AC622 처리 완료
2025-08-05 17:08:31,619 - INFO -   행 15/20 처리 중 (class: 8374)
2025-08-05 17:08:31,634 - INFO -   수가코드: AC632
2025-08-05 17:08:33,745 - INFO -   ✅ AC632 처리 완료
2025-08-05 17:08:34,251 - INFO -   행 16/20 처리 중 (class: 8377)
2025-08-05 17:08:34,263 - INFO -   수가코드: AC711
2025-08-05 17:08:36,358 - INFO -   ✅ AC711 처리 완료
2025-08-05 17:08:36,875 - INFO -   행 17/20 처리 중 (class: 8378)
2025-08-05 17:08:36,889 - INFO -   수가코드: AC712
2025-08-05 17:08:39,002 - INFO -   ✅ AC712 처리 완료
2025-08-05 17:08:39,508 - INFO -   행 18/20 처리 중 (class: 8379)
2025-08-05 17:08:39,521 - INFO -   수가코드: AC721
2025-08-05 17:08:41,680 - INFO -   ✅ AC721 처리 완료
2025-08-05 17:08:42,201 - INFO -   행 19/20 처리 중 (class: 8380)
2025-08-05 17:08:42,216 - INFO -   수가코드: AC722
2025-08-05 17:08:44,309 - INFO -   ✅ AC722 처리 완료
2025-08-05 17:08:44,814 - INFO -   행 20/20 처리 중 (class: 8381)
2025-08-05 17:08:44,828 - INFO -   수가코드: AC731
2025-08-05 17:08:46,954 - INFO -   ✅ AC731 처리 완료
2025-08-05 17:08:47,470 - INFO - 페이지 8 완료: 20개 항목 수집
2025-08-05 17:08:47,473 - INFO - CSV 저장 완료: 160개 항목
2025-08-05 17:08:47,483 - INFO - 다음 페이지 버튼 클릭: a:has-text('9')
2025-08-05 17:08:47,782 - INFO - 데이터 로딩 완료: 74개 행 발견
2025-08-05 17:08:47,783 - INFO - 페이지 9로 이동 완료
2025-08-05 17:08:49,798 - INFO - 페이지 9 처리 시작
2025-08-05 17:08:49,811 - INFO - 페이지 9: 20개 행 발견
2025-08-05 17:08:49,818 - INFO -   행 1/20 처리 중 (class: 8382)
2025-08-05 17:08:49,833 - INFO -   수가코드: AC732
2025-08-05 17:08:51,885 - INFO -   ✅ AC732 처리 완료
2025-08-05 17:08:52,397 - INFO -   행 2/20 처리 중 (class: 8383)
2025-08-05 17:08:52,410 - INFO -   수가코드: AC741
2025-08-05 17:08:54,520 - INFO -   ✅ AC741 처리 완료
2025-08-05 17:08:55,037 - INFO -   행 3/20 처리 중 (class: 8384)
2025-08-05 17:08:55,053 - INFO -   수가코드: AC742
2025-08-05 17:08:57,164 - INFO -   ✅ AC742 처리 완료
2025-08-05 17:08:57,668 - INFO -   행 4/20 처리 중 (class: 8385)
2025-08-05 17:08:57,684 - INFO -   수가코드: AD100
2025-08-05 17:08:59,808 - INFO -   ✅ AD100 처리 완료
2025-08-05 17:09:00,321 - INFO -   행 5/20 처리 중 (class: 8388)
2025-08-05 17:09:00,333 - INFO -   수가코드: AD101
2025-08-05 17:09:02,468 - INFO -   ✅ AD101 처리 완료
2025-08-05 17:09:02,986 - INFO -   행 6/20 처리 중 (class: 8391)
2025-08-05 17:09:02,998 - INFO -   수가코드: AD200
2025-08-05 17:09:05,085 - INFO -   ✅ AD200 처리 완료
2025-08-05 17:09:05,589 - INFO -   행 7/20 처리 중 (class: 8394)
2025-08-05 17:09:05,602 - INFO -   수가코드: AD201
2025-08-05 17:09:07,712 - INFO -   ✅ AD201 처리 완료
2025-08-05 17:09:08,231 - INFO -   행 8/20 처리 중 (class: 8397)
2025-08-05 17:09:08,246 - INFO -   수가코드: AD300
2025-08-05 17:09:10,347 - INFO -   ✅ AD300 처리 완료
2025-08-05 17:09:10,862 - INFO -   행 9/20 처리 중 (class: 8400)
2025-08-05 17:09:10,875 - INFO -   수가코드: AD301
2025-08-05 17:09:13,038 - INFO -   ✅ AD301 처리 완료
2025-08-05 17:09:13,556 - INFO -   행 10/20 처리 중 (class: 8403)
2025-08-05 17:09:13,569 - INFO -   수가코드: AD400
2025-08-05 17:09:15,617 - INFO -   ✅ AD400 처리 완료
2025-08-05 17:09:16,135 - INFO -   행 11/20 처리 중 (class: 8406)
2025-08-05 17:09:16,151 - INFO -   수가코드: AD401
2025-08-05 17:09:18,246 - INFO -   ✅ AD401 처리 완료
2025-08-05 17:09:18,763 - INFO -   행 12/20 처리 중 (class: 8409)
2025-08-05 17:09:18,775 - INFO -   수가코드: AE100
2025-08-05 17:09:20,891 - INFO -   ✅ AE100 처리 완료
2025-08-05 17:09:21,409 - INFO -   행 13/20 처리 중 (class: 8410)
2025-08-05 17:09:21,426 - INFO -   수가코드: AF100
2025-08-05 17:09:23,517 - INFO -   ✅ AF100 처리 완료
2025-08-05 17:09:24,023 - INFO -   행 14/20 처리 중 (class: 8411)
2025-08-05 17:09:24,037 - INFO -   수가코드: AF200
2025-08-05 17:09:26,130 - INFO -   ✅ AF200 처리 완료
2025-08-05 17:09:26,649 - INFO -   행 15/20 처리 중 (class: 8412)
2025-08-05 17:09:26,661 - INFO -   수가코드: AF300
2025-08-05 17:09:28,775 - INFO -   ✅ AF300 처리 완료
2025-08-05 17:09:29,281 - INFO -   행 16/20 처리 중 (class: 8413)
2025-08-05 17:09:29,294 - INFO -   수가코드: AF400
2025-08-05 17:09:31,381 - INFO -   ✅ AF400 처리 완료
2025-08-05 17:09:31,900 - INFO -   행 17/20 처리 중 (class: 8479)
2025-08-05 17:09:31,917 - INFO -   수가코드: AG111
2025-08-05 17:09:33,976 - INFO -   ✅ AG111 처리 완료
2025-08-05 17:09:34,479 - INFO -   행 18/20 처리 중 (class: 8482)
2025-08-05 17:09:34,493 - INFO -   수가코드: AG112
2025-08-05 17:09:36,626 - INFO -   ✅ AG112 처리 완료
2025-08-05 17:09:37,131 - INFO -   행 19/20 처리 중 (class: 8485)
2025-08-05 17:09:37,143 - INFO -   수가코드: AG113
2025-08-05 17:09:39,255 - INFO -   ✅ AG113 처리 완료
2025-08-05 17:09:39,773 - INFO -   행 20/20 처리 중 (class: 8488)
2025-08-05 17:09:39,787 - INFO -   수가코드: AG121
2025-08-05 17:09:41,901 - INFO -   ✅ AG121 처리 완료
2025-08-05 17:09:42,416 - INFO - 페이지 9 완료: 20개 항목 수집
2025-08-05 17:09:42,417 - INFO - CSV 저장 완료: 180개 항목
2025-08-05 17:09:42,427 - INFO - 다음 페이지 버튼 클릭: a:has-text('10')
2025-08-05 17:09:42,758 - INFO - 데이터 로딩 완료: 44개 행 발견
2025-08-05 17:09:42,758 - INFO - 페이지 10로 이동 완료
2025-08-05 17:09:44,761 - INFO - 페이지 10 처리 시작
2025-08-05 17:09:44,772 - INFO - 페이지 10: 12개 행 발견
2025-08-05 17:09:44,776 - INFO -   행 1/12 처리 중 (class: 265488)
2025-08-05 17:09:44,796 - INFO -   수가코드: AX100
2025-08-05 17:09:46,958 - INFO -   ✅ AX100 처리 완료
2025-08-05 17:09:47,476 - INFO -   행 2/12 처리 중 (class: 265489)
2025-08-05 17:09:47,491 - INFO -   수가코드: AX900
2025-08-05 17:09:49,585 - INFO -   ✅ AX900 처리 완료
2025-08-05 17:09:50,091 - INFO -   행 3/12 처리 중 (class: 265490)
2025-08-05 17:09:50,106 - INFO -   수가코드: AY100
2025-08-05 17:09:52,199 - INFO -   ✅ AY100 처리 완료
2025-08-05 17:09:52,717 - INFO -   행 4/12 처리 중 (class: 265492)
2025-08-05 17:09:52,731 - INFO -   수가코드: AY101
2025-08-05 17:09:54,898 - INFO -   ✅ AY101 처리 완료
2025-08-05 17:09:55,410 - INFO -   행 5/12 처리 중 (class: 265494)
2025-08-05 17:09:55,426 - INFO -   수가코드: AY102
2025-08-05 17:09:57,618 - INFO -   ✅ AY102 처리 완료
2025-08-05 17:09:58,131 - INFO -   행 6/12 처리 중 (class: 265495)
2025-08-05 17:09:58,145 - INFO -   수가코드: AY110
2025-08-05 17:10:00,231 - INFO -   ✅ AY110 처리 완료
2025-08-05 17:10:00,742 - INFO -   행 7/12 처리 중 (class: 265497)
2025-08-05 17:10:00,766 - INFO -   수가코드: AY111
2025-08-05 17:10:02,928 - INFO -   ✅ AY111 처리 완료
2025-08-05 17:10:03,434 - INFO -   행 8/12 처리 중 (class: 265499)
2025-08-05 17:10:03,447 - INFO -   수가코드: AY112
2025-08-05 17:10:05,539 - INFO -   ✅ AY112 처리 완료
2025-08-05 17:10:06,058 - INFO -   행 9/12 처리 중 (class: 265500)
2025-08-05 17:10:06,072 - INFO -   수가코드: AY200
2025-08-05 17:10:08,145 - INFO -   ✅ AY200 처리 완료
2025-08-05 17:10:08,651 - INFO -   행 10/12 처리 중 (class: 265502)
2025-08-05 17:10:08,665 - INFO -   수가코드: AY201
2025-08-05 17:10:10,797 - INFO -   ✅ AY201 처리 완료
2025-08-05 17:10:11,313 - INFO -   행 11/12 처리 중 (class: 265504)
2025-08-05 17:10:11,327 - INFO -   수가코드: AY210
2025-08-05 17:10:13,425 - INFO -   ✅ AY210 처리 완료
2025-08-05 17:10:13,942 - INFO -   행 12/12 처리 중 (class: 265506)
2025-08-05 17:10:13,972 - INFO -   수가코드: AY211
2025-08-05 17:10:16,102 - INFO -   ✅ AY211 처리 완료
2025-08-05 17:10:16,604 - INFO - 페이지 10 완료: 12개 항목 수집
2025-08-05 17:10:16,607 - INFO - CSV 저장 완료: 192개 항목
2025-08-05 17:10:16,633 - INFO - 다음 페이지 버튼을 찾을 수 없음 - 마지막 페이지로 판단
2025-08-05 17:10:16,633 - INFO - 모든 페이지 처리 완료
2025-08-05 17:10:16,636 - INFO - CSV 저장 완료: 192개 항목
2025-08-05 17:10:16,636 - INFO - ==================================================
2025-08-05 17:10:16,636 - INFO - 스크래핑 완료!
2025-08-05 17:10:16,636 - INFO - 처리 시간: 0:39:06.556709
2025-08-05 17:10:16,638 - INFO - 총 페이지: 10
2025-08-05 17:10:16,638 - INFO - 수집된 항목: 192개
2025-08-05 17:10:16,638 - INFO - 실패한 항목: 0개
2025-08-05 17:10:16,638 - INFO - 성공률: 100.0%
2025-08-05 17:10:16,638 - INFO - 저장 위치: C:\Jimin\cg_suri_z-code360\koicd_scraping_results\koicd_complete_data.csv
2025-08-05 17:10:16,638 - INFO - ==================================================
2025-08-05 17:27:32,413 - INFO - KOICD 스크래핑 시작
2025-08-05 17:27:33,435 - INFO - 페이지 접근: https://www.koicd.kr/ins/act.do
2025-08-05 17:27:36,830 - INFO - 데이터 로딩 완료: 20개 행 발견
2025-08-05 17:27:36,831 - INFO - 페이지 1 처리 시작
2025-08-05 17:27:36,938 - INFO - 페이지 1: 20개 메인 행 발견
2025-08-05 17:27:36,943 - INFO - 행 1/20 처리 중 (class: 5323)
2025-08-05 17:27:36,961 - INFO - 수가코드: AA100
2025-08-05 17:27:54,000 - INFO - ✅ AA100 처리 완료 (레벨 0)
2025-08-05 17:27:54,017 - INFO -   AA100: 하위 항목 발견, 펼치기 시도
2025-08-05 17:27:59,719 - INFO - 행 2/20 처리 중 (class: 5373)
2025-08-05 17:27:59,733 - INFO - 수가코드: AA106
2025-08-05 17:28:16,673 - INFO - ✅ AA106 처리 완료 (레벨 0)
2025-08-05 17:28:16,693 - INFO -   AA106: 하위 항목 발견, 펼치기 시도
2025-08-05 17:28:22,831 - INFO - 행 3/20 처리 중 (class: 5406)
2025-08-05 17:28:22,846 - INFO - 수가코드: AA107
2025-08-05 17:28:39,822 - INFO - ✅ AA107 처리 완료 (레벨 0)
2025-08-05 17:28:39,840 - INFO -   AA107: 하위 항목 발견, 펼치기 시도
2025-08-05 17:28:46,019 - INFO - 행 4/20 처리 중 (class: 5439)
2025-08-05 17:28:46,032 - INFO - 수가코드: AA109
2025-08-05 17:29:02,987 - INFO - ✅ AA109 처리 완료 (레벨 0)
2025-08-05 17:29:03,003 - INFO -   AA109: 하위 항목 발견, 펼치기 시도
2025-08-05 17:29:09,445 - INFO - 행 5/20 처리 중 (class: 5473)
2025-08-05 17:29:09,462 - INFO - 수가코드: AA154
2025-08-05 17:29:26,476 - INFO - ✅ AA154 처리 완료 (레벨 0)
2025-08-05 17:29:26,491 - INFO -   AA154: 하위 항목 발견, 펼치기 시도
2025-08-05 17:29:33,297 - INFO - 행 6/20 처리 중 (class: 5514)
2025-08-05 17:29:33,313 - INFO - 수가코드: AA155
2025-08-05 17:29:50,309 - INFO - ✅ AA155 처리 완료 (레벨 0)
2025-08-05 17:29:50,337 - INFO -   AA155: 하위 항목 발견, 펼치기 시도
2025-08-05 17:29:57,805 - INFO - 행 7/20 처리 중 (class: 5545)
2025-08-05 17:29:57,819 - INFO - 수가코드: AA156
2025-08-05 17:30:14,818 - INFO - ✅ AA156 처리 완료 (레벨 0)
2025-08-05 17:30:14,834 - INFO -   AA156: 하위 항목 발견, 펼치기 시도
2025-08-05 17:30:22,263 - INFO - 행 8/20 처리 중 (class: 5578)
2025-08-05 17:30:22,277 - INFO - 수가코드: AA157
2025-08-05 17:30:39,305 - INFO - ✅ AA157 처리 완료 (레벨 0)
2025-08-05 17:30:39,322 - INFO -   AA157: 하위 항목 발견, 펼치기 시도
2025-08-05 17:30:47,356 - INFO - 행 9/20 처리 중 (class: 5611)
2025-08-05 17:30:47,373 - INFO - 수가코드: AA200
2025-08-05 17:31:04,401 - INFO - ✅ AA200 처리 완료 (레벨 0)
2025-08-05 17:31:04,422 - INFO -   AA200: 하위 항목 발견, 펼치기 시도
2025-08-05 17:31:12,166 - INFO - 행 10/20 처리 중 (class: 5664)
2025-08-05 17:31:12,180 - INFO - 수가코드: AA206
2025-08-05 17:31:29,156 - INFO - ✅ AA206 처리 완료 (레벨 0)
2025-08-05 17:31:29,171 - INFO -   AA206: 하위 항목 발견, 펼치기 시도
2025-08-05 17:31:37,291 - INFO - 행 11/20 처리 중 (class: 5699)
2025-08-05 17:31:37,306 - INFO - 수가코드: AA207
2025-08-05 17:31:54,277 - INFO - ✅ AA207 처리 완료 (레벨 0)
2025-08-05 17:31:54,294 - INFO -   AA207: 하위 항목 발견, 펼치기 시도
2025-08-05 17:32:02,753 - INFO - 행 12/20 처리 중 (class: 5734)
2025-08-05 17:32:02,766 - INFO - 수가코드: AA209
2025-08-05 17:32:19,751 - INFO - ✅ AA209 처리 완료 (레벨 0)
2025-08-05 17:32:19,766 - INFO -   AA209: 하위 항목 발견, 펼치기 시도
2025-08-05 17:32:28,477 - INFO - 행 13/20 처리 중 (class: 5770)
2025-08-05 17:32:28,491 - INFO - 수가코드: AA222
2025-08-05 17:32:30,628 - INFO - ✅ AA222 처리 완료 (레벨 0)
2025-08-05 17:32:30,644 - INFO -   AA222: 하위 항목 발견, 펼치기 시도
2025-08-05 17:32:39,451 - INFO - 행 14/20 처리 중 (class: 5771)
2025-08-05 17:32:39,466 - INFO - 수가코드: AA250
2025-08-05 17:32:41,622 - INFO - ✅ AA250 처리 완료 (레벨 0)
2025-08-05 17:32:41,642 - INFO -   AA222: 하위 항목 발견, 펼치기 시도
2025-08-05 17:32:50,280 - INFO - 행 15/20 처리 중 (class: 5808)
2025-08-05 17:32:50,293 - INFO - 수가코드: AA254
2025-08-05 17:32:52,427 - INFO - ✅ AA254 처리 완료 (레벨 0)
2025-08-05 17:32:52,446 - INFO -   AA222: 하위 항목 발견, 펼치기 시도
2025-08-05 17:33:02,721 - INFO - 행 16/20 처리 중 (class: 5852)
2025-08-05 17:33:02,735 - INFO - 수가코드: AA255
2025-08-05 17:33:04,880 - INFO - ✅ AA255 처리 완료 (레벨 0)
2025-08-05 17:33:04,898 - INFO -   AA222: 하위 항목 발견, 펼치기 시도
2025-08-05 17:33:14,225 - INFO - 행 17/20 처리 중 (class: 5886)
2025-08-05 17:33:14,239 - INFO - 수가코드: AA256
2025-08-05 17:33:16,372 - INFO - ✅ AA256 처리 완료 (레벨 0)
2025-08-05 17:33:16,388 - INFO -   AA222: 하위 항목 발견, 펼치기 시도
2025-08-05 17:33:26,135 - INFO - 행 18/20 처리 중 (class: 5921)
2025-08-05 17:33:26,151 - INFO - 수가코드: AA257
2025-08-05 17:33:28,326 - INFO - ✅ AA257 처리 완료 (레벨 0)
2025-08-05 17:33:28,343 - INFO -   AA222: 하위 항목 발견, 펼치기 시도
2025-08-05 17:33:38,041 - INFO - 행 19/20 처리 중 (class: 5958)
2025-08-05 17:33:38,053 - INFO - 수가코드: AB100
2025-08-05 17:33:40,163 - INFO - ✅ AB100 처리 완료 (레벨 0)
2025-08-05 17:33:40,179 - INFO -   AA222: 하위 항목 발견, 펼치기 시도
2025-08-05 17:33:50,193 - INFO - 행 20/20 처리 중 (class: 5973)
2025-08-05 17:33:50,207 - INFO - 수가코드: AB101
2025-08-05 17:33:52,886 - INFO - ✅ AB101 처리 완료 (레벨 0)
2025-08-05 17:33:52,902 - INFO -   AA222: 하위 항목 발견, 펼치기 시도
2025-08-05 17:34:02,953 - INFO - 페이지 1 완료: 메인 20개, 하위 0개 (총 20개)
2025-08-05 17:34:02,955 - INFO - CSV 저장 완료: 총 20개 항목 (메인 20개, 하위 0개)
2025-08-05 17:34:02,969 - INFO - 다음 페이지 버튼 클릭: a:has-text('2')
2025-08-05 17:34:03,721 - INFO - 데이터 로딩 완료: 663개 행 발견
2025-08-05 17:34:03,722 - INFO - 페이지 2로 이동 완료
2025-08-05 17:34:05,735 - INFO - 페이지 2 처리 시작
2025-08-05 17:34:05,821 - INFO - 페이지 2: 20개 메인 행 발견
2025-08-05 17:34:05,826 - INFO - 행 1/20 처리 중 (class: 5988)
2025-08-05 17:34:05,841 - INFO - 수가코드: AB102
2025-08-05 17:34:22,787 - INFO - ✅ AB102 처리 완료 (레벨 0)
2025-08-05 17:34:22,803 - INFO -   AB102: 하위 항목 발견, 펼치기 시도
2025-08-05 17:34:28,366 - INFO - 행 2/20 처리 중 (class: 6003)
2025-08-05 17:34:28,383 - INFO - 수가코드: AB103
2025-08-05 17:34:45,343 - INFO - ✅ AB103 처리 완료 (레벨 0)
2025-08-05 17:34:45,359 - INFO -   AB103: 하위 항목 발견, 펼치기 시도
2025-08-05 17:34:51,019 - INFO - 행 3/20 처리 중 (class: 6018)
2025-08-05 17:34:51,034 - INFO - 수가코드: AB104
2025-08-05 17:35:07,985 - INFO - ✅ AB104 처리 완료 (레벨 0)
2025-08-05 17:35:07,999 - INFO -   AB104: 하위 항목 발견, 펼치기 시도
2025-08-05 17:35:13,762 - INFO - 행 4/20 처리 중 (class: 6033)
2025-08-05 17:35:13,775 - INFO - 수가코드: AB105
2025-08-05 17:35:30,767 - INFO - ✅ AB105 처리 완료 (레벨 0)
2025-08-05 17:35:30,783 - INFO -   AB105: 하위 항목 발견, 펼치기 시도
2025-08-05 17:35:36,614 - INFO - 행 5/20 처리 중 (class: 6048)
2025-08-05 17:35:36,628 - INFO - 수가코드: AB120
2025-08-05 17:35:53,573 - INFO - ✅ AB120 처리 완료 (레벨 0)
2025-08-05 17:35:53,590 - INFO -   AB120: 하위 항목 발견, 펼치기 시도
2025-08-05 17:35:59,575 - INFO - 행 6/20 처리 중 (class: 6063)
2025-08-05 17:35:59,594 - INFO - 수가코드: AB121
2025-08-05 17:36:16,573 - INFO - ✅ AB121 처리 완료 (레벨 0)
2025-08-05 17:36:16,589 - INFO -   AB121: 하위 항목 발견, 펼치기 시도
2025-08-05 17:36:22,619 - INFO - 행 7/20 처리 중 (class: 6078)
2025-08-05 17:36:22,633 - INFO - 수가코드: AB122
2025-08-05 17:36:39,624 - INFO - ✅ AB122 처리 완료 (레벨 0)
2025-08-05 17:36:39,642 - INFO -   AB122: 하위 항목 발견, 펼치기 시도
2025-08-05 17:36:45,765 - INFO - 행 8/20 처리 중 (class: 6093)
2025-08-05 17:36:45,778 - INFO - 수가코드: AB123
2025-08-05 17:37:02,730 - INFO - ✅ AB123 처리 완료 (레벨 0)
2025-08-05 17:37:02,745 - INFO -   AB123: 하위 항목 발견, 펼치기 시도
2025-08-05 17:37:09,012 - INFO - 행 9/20 처리 중 (class: 6108)
2025-08-05 17:37:09,026 - INFO - 수가코드: AB124
2025-08-05 17:37:25,992 - INFO - ✅ AB124 처리 완료 (레벨 0)
2025-08-05 17:37:26,012 - INFO -   AB124: 하위 항목 발견, 펼치기 시도
2025-08-05 17:37:32,973 - INFO - 행 10/20 처리 중 (class: 6123)
2025-08-05 17:37:32,985 - INFO - 수가코드: AB125
2025-08-05 17:37:49,968 - INFO - ✅ AB125 처리 완료 (레벨 0)
2025-08-05 17:37:49,988 - INFO -   AB125: 하위 항목 발견, 펼치기 시도
2025-08-05 17:37:56,475 - INFO - 행 11/20 처리 중 (class: 6138)
2025-08-05 17:37:56,489 - INFO - 수가코드: AB140
2025-08-05 17:38:13,440 - INFO - ✅ AB140 처리 완료 (레벨 0)
2025-08-05 17:38:13,455 - INFO -   AB140: 하위 항목 발견, 펼치기 시도
2025-08-05 17:38:20,087 - INFO - 행 12/20 처리 중 (class: 6153)
2025-08-05 17:38:20,101 - INFO - 수가코드: AB141
2025-08-05 17:38:37,455 - INFO - ✅ AB141 처리 완료 (레벨 0)
2025-08-05 17:38:37,471 - INFO -   AB141: 하위 항목 발견, 펼치기 시도
2025-08-05 17:38:44,205 - INFO - 행 13/20 처리 중 (class: 6168)
2025-08-05 17:38:44,220 - INFO - 수가코드: AB142
2025-08-05 17:39:01,196 - INFO - ✅ AB142 처리 완료 (레벨 0)
2025-08-05 17:39:01,212 - INFO -   AB142: 하위 항목 발견, 펼치기 시도
2025-08-05 17:39:07,953 - INFO - 행 14/20 처리 중 (class: 6183)
2025-08-05 17:39:07,969 - INFO - 수가코드: AB143
2025-08-05 17:39:24,913 - INFO - ✅ AB143 처리 완료 (레벨 0)
2025-08-05 17:39:24,930 - INFO -   AB143: 하위 항목 발견, 펼치기 시도
2025-08-05 17:39:31,793 - INFO - 행 15/20 처리 중 (class: 6198)
2025-08-05 17:39:31,807 - INFO - 수가코드: AB144
2025-08-05 17:39:48,766 - INFO - ✅ AB144 처리 완료 (레벨 0)
2025-08-05 17:39:48,786 - INFO -   AB144: 하위 항목 발견, 펼치기 시도
2025-08-05 17:39:55,833 - INFO - 행 16/20 처리 중 (class: 6213)
2025-08-05 17:39:55,848 - INFO - 수가코드: AB145
2025-08-05 17:40:12,849 - INFO - ✅ AB145 처리 완료 (레벨 0)
2025-08-05 17:40:12,863 - INFO -   AB145: 하위 항목 발견, 펼치기 시도
2025-08-05 17:40:20,307 - INFO - 행 17/20 처리 중 (class: 6228)
2025-08-05 17:40:20,321 - INFO - 수가코드: AB160
2025-08-05 17:40:37,274 - INFO - ✅ AB160 처리 완료 (레벨 0)
2025-08-05 17:40:37,292 - INFO -   AB160: 하위 항목 발견, 펼치기 시도
2025-08-05 17:40:44,540 - INFO - 행 18/20 처리 중 (class: 6243)
2025-08-05 17:40:44,553 - INFO - 수가코드: AB161
2025-08-05 17:41:01,540 - INFO - ✅ AB161 처리 완료 (레벨 0)
2025-08-05 17:41:01,557 - INFO -   AB161: 하위 항목 발견, 펼치기 시도
2025-08-05 17:41:08,767 - INFO - 행 19/20 처리 중 (class: 6258)
2025-08-05 17:41:08,780 - INFO - 수가코드: AB162
2025-08-05 17:41:25,746 - INFO - ✅ AB162 처리 완료 (레벨 0)
2025-08-05 17:41:25,767 - INFO -   AB162: 하위 항목 발견, 펼치기 시도
2025-08-05 17:41:34,333 - INFO - 행 20/20 처리 중 (class: 6273)
2025-08-05 17:41:34,348 - INFO - 수가코드: AB163
2025-08-05 17:41:51,360 - INFO - ✅ AB163 처리 완료 (레벨 0)
2025-08-05 17:41:51,374 - INFO -   AB163: 하위 항목 발견, 펼치기 시도
2025-08-05 17:41:58,947 - INFO - 페이지 2 완료: 메인 20개, 하위 0개 (총 20개)
2025-08-05 17:41:58,949 - INFO - CSV 저장 완료: 총 40개 항목 (메인 40개, 하위 0개)
2025-08-05 17:41:58,958 - INFO - 다음 페이지 버튼 클릭: a:has-text('3')
2025-08-05 17:41:59,430 - INFO - 데이터 로딩 완료: 300개 행 발견
2025-08-05 17:41:59,430 - INFO - 페이지 3로 이동 완료
2025-08-05 17:42:01,441 - INFO - 페이지 3 처리 시작
2025-08-05 17:42:01,518 - INFO - 페이지 3: 20개 메인 행 발견
2025-08-05 17:42:01,521 - INFO - 행 1/20 처리 중 (class: 6288)
2025-08-05 17:42:01,535 - INFO - 수가코드: AB164
2025-08-05 17:42:18,494 - INFO - ✅ AB164 처리 완료 (레벨 0)
2025-08-05 17:42:18,513 - INFO -   AB164: 하위 항목 발견, 펼치기 시도
2025-08-05 17:42:24,093 - INFO - 행 2/20 처리 중 (class: 6303)
2025-08-05 17:42:24,109 - INFO - 수가코드: AB165
2025-08-05 17:42:41,047 - INFO - ✅ AB165 처리 완료 (레벨 0)
2025-08-05 17:42:41,066 - INFO -   AB165: 하위 항목 발견, 펼치기 시도
2025-08-05 17:42:46,745 - INFO - 행 3/20 처리 중 (class: 6318)
2025-08-05 17:42:46,760 - INFO - 수가코드: AB170
2025-08-05 17:43:03,770 - INFO - ✅ AB170 처리 완료 (레벨 0)
2025-08-05 17:43:03,789 - INFO -   AB170: 하위 항목 발견, 펼치기 시도
2025-08-05 17:43:09,501 - INFO - 행 4/20 처리 중 (class: 6333)
2025-08-05 17:43:09,515 - INFO - 수가코드: AB171
2025-08-05 17:43:26,477 - INFO - ✅ AB171 처리 완료 (레벨 0)
2025-08-05 17:43:26,493 - INFO -   AB171: 하위 항목 발견, 펼치기 시도
2025-08-05 17:43:32,365 - INFO - 행 5/20 처리 중 (class: 6348)
2025-08-05 17:43:32,382 - INFO - 수가코드: AB172
2025-08-05 17:43:49,324 - INFO - ✅ AB172 처리 완료 (레벨 0)
2025-08-05 17:43:49,343 - INFO -   AB172: 하위 항목 발견, 펼치기 시도
2025-08-05 17:43:55,319 - INFO - 행 6/20 처리 중 (class: 6363)
2025-08-05 17:43:55,337 - INFO - 수가코드: AB173
2025-08-05 17:44:12,293 - INFO - ✅ AB173 처리 완료 (레벨 0)
2025-08-05 17:44:12,307 - INFO -   AB173: 하위 항목 발견, 펼치기 시도
2025-08-05 17:44:18,373 - INFO - 행 7/20 처리 중 (class: 6378)
2025-08-05 17:44:18,390 - INFO - 수가코드: AB174
2025-08-05 17:44:35,776 - INFO - ✅ AB174 처리 완료 (레벨 0)
2025-08-05 17:44:35,796 - INFO -   AB174: 하위 항목 발견, 펼치기 시도
2025-08-05 17:44:41,976 - INFO - 행 8/20 처리 중 (class: 6393)
2025-08-05 17:44:41,992 - INFO - 수가코드: AB175
2025-08-05 17:44:58,934 - INFO - ✅ AB175 처리 완료 (레벨 0)
2025-08-05 17:44:58,951 - INFO -   AB175: 하위 항목 발견, 펼치기 시도
2025-08-05 17:45:05,255 - INFO - 행 9/20 처리 중 (class: 6408)
2025-08-05 17:45:05,268 - INFO - 수가코드: AB200
2025-08-05 17:45:22,240 - INFO - ✅ AB200 처리 완료 (레벨 0)
2025-08-05 17:45:22,256 - INFO -   AB200: 하위 항목 발견, 펼치기 시도
2025-08-05 17:45:28,510 - INFO - 행 10/20 처리 중 (class: 6423)
2025-08-05 17:45:28,527 - INFO - 수가코드: AB201
2025-08-05 17:45:45,497 - INFO - ✅ AB201 처리 완료 (레벨 0)
2025-08-05 17:45:45,513 - INFO -   AB201: 하위 항목 발견, 펼치기 시도
2025-08-05 17:45:52,021 - INFO - 행 11/20 처리 중 (class: 6438)
2025-08-05 17:45:52,037 - INFO - 수가코드: AB202
2025-08-05 17:46:09,016 - INFO - ✅ AB202 처리 완료 (레벨 0)
2025-08-05 17:46:09,043 - INFO -   AB202: 하위 항목 발견, 펼치기 시도
2025-08-05 17:46:15,554 - INFO - 행 12/20 처리 중 (class: 6453)
2025-08-05 17:46:15,567 - INFO - 수가코드: AB203
2025-08-05 17:46:32,527 - INFO - ✅ AB203 처리 완료 (레벨 0)
2025-08-05 17:46:32,543 - INFO -   AB203: 하위 항목 발견, 펼치기 시도
2025-08-05 17:46:39,655 - INFO - 행 13/20 처리 중 (class: 6468)
2025-08-05 17:46:39,669 - INFO - 수가코드: AB204
2025-08-05 17:46:56,643 - INFO - ✅ AB204 처리 완료 (레벨 0)
2025-08-05 17:46:56,660 - INFO -   AB204: 하위 항목 발견, 펼치기 시도
2025-08-05 17:47:04,061 - INFO - 행 14/20 처리 중 (class: 6483)
2025-08-05 17:47:04,074 - INFO - 수가코드: AB205
2025-08-05 17:47:21,018 - INFO - ✅ AB205 처리 완료 (레벨 0)
2025-08-05 17:47:21,035 - INFO -   AB205: 하위 항목 발견, 펼치기 시도
2025-08-05 17:47:27,981 - INFO - 행 15/20 처리 중 (class: 6498)
2025-08-05 17:47:27,996 - INFO - 수가코드: AB207
2025-08-05 17:47:44,968 - INFO - ✅ AB207 처리 완료 (레벨 0)
2025-08-05 17:47:44,987 - INFO -   AB207: 하위 항목 발견, 펼치기 시도
2025-08-05 17:47:52,445 - INFO - 행 16/20 처리 중 (class: 6513)
2025-08-05 17:47:52,461 - INFO - 수가코드: AB217
2025-08-05 17:48:09,450 - INFO - ✅ AB217 처리 완료 (레벨 0)
2025-08-05 17:48:09,466 - INFO -   AB217: 하위 항목 발견, 펼치기 시도
2025-08-05 17:48:17,124 - INFO - 행 17/20 처리 중 (class: 6528)
2025-08-05 17:48:17,136 - INFO - 수가코드: AB220
2025-08-05 17:48:34,122 - INFO - ✅ AB220 처리 완료 (레벨 0)
2025-08-05 17:48:34,137 - INFO -   AB220: 하위 항목 발견, 펼치기 시도
2025-08-05 17:48:41,358 - INFO - 행 18/20 처리 중 (class: 6543)
2025-08-05 17:48:41,372 - INFO - 수가코드: AB221
2025-08-05 17:48:58,358 - INFO - ✅ AB221 처리 완료 (레벨 0)
2025-08-05 17:48:58,374 - INFO -   AB221: 하위 항목 발견, 펼치기 시도
2025-08-05 17:49:05,811 - INFO - 행 19/20 처리 중 (class: 6558)
2025-08-05 17:49:05,825 - INFO - 수가코드: AB222
2025-08-05 17:49:22,854 - INFO - ✅ AB222 처리 완료 (레벨 0)
2025-08-05 17:49:22,870 - INFO -   AB222: 하위 항목 발견, 펼치기 시도
2025-08-05 17:49:30,170 - INFO - 행 20/20 처리 중 (class: 6573)
2025-08-05 17:49:30,184 - INFO - 수가코드: AB223
2025-08-05 17:49:47,333 - INFO - ✅ AB223 처리 완료 (레벨 0)
2025-08-05 17:49:47,349 - INFO -   AB223: 하위 항목 발견, 펼치기 시도
2025-08-05 17:49:55,236 - INFO - 페이지 3 완료: 메인 20개, 하위 0개 (총 20개)
2025-08-05 17:49:55,239 - INFO - CSV 저장 완료: 총 60개 항목 (메인 60개, 하위 0개)
2025-08-05 17:49:55,253 - INFO - 다음 페이지 버튼 클릭: a:has-text('4')
2025-08-05 17:49:55,713 - INFO - 데이터 로딩 완료: 300개 행 발견
2025-08-05 17:49:55,713 - INFO - 페이지 4로 이동 완료
2025-08-05 17:49:57,713 - INFO - 페이지 4 처리 시작
2025-08-05 17:49:57,791 - INFO - 페이지 4: 20개 메인 행 발견
2025-08-05 17:49:57,794 - INFO - 행 1/20 처리 중 (class: 6588)
2025-08-05 17:49:57,806 - INFO - 수가코드: AB224
2025-08-05 17:50:14,766 - INFO - ✅ AB224 처리 완료 (레벨 0)
2025-08-05 17:50:14,781 - INFO -   AB224: 하위 항목 발견, 펼치기 시도
2025-08-05 17:50:20,340 - INFO - 행 2/20 처리 중 (class: 6603)
2025-08-05 17:50:20,352 - INFO - 수가코드: AB225
2025-08-05 17:50:37,335 - INFO - ✅ AB225 처리 완료 (레벨 0)
2025-08-05 17:50:37,351 - INFO -   AB225: 하위 항목 발견, 펼치기 시도
2025-08-05 17:50:42,983 - INFO - 행 3/20 처리 중 (class: 6618)
2025-08-05 17:50:42,995 - INFO - 수가코드: AB227
2025-08-05 17:50:59,938 - INFO - ✅ AB227 처리 완료 (레벨 0)
2025-08-05 17:50:59,959 - INFO -   AB227: 하위 항목 발견, 펼치기 시도
2025-08-05 17:51:05,738 - INFO - 행 4/20 처리 중 (class: 6633)
2025-08-05 17:51:05,753 - INFO - 수가코드: AB237
2025-08-05 17:51:22,705 - INFO - ✅ AB237 처리 완료 (레벨 0)
2025-08-05 17:51:22,721 - INFO -   AB237: 하위 항목 발견, 펼치기 시도
2025-08-05 17:51:29,278 - INFO - 행 5/20 처리 중 (class: 6648)
2025-08-05 17:51:29,299 - INFO - 수가코드: AB240
2025-08-05 17:51:46,252 - INFO - ✅ AB240 처리 완료 (레벨 0)
2025-08-05 17:51:46,267 - INFO -   AB240: 하위 항목 발견, 펼치기 시도
2025-08-05 17:51:52,231 - INFO - 행 6/20 처리 중 (class: 6663)
2025-08-05 17:51:52,247 - INFO - 수가코드: AB241
2025-08-05 17:52:09,201 - INFO - ✅ AB241 처리 완료 (레벨 0)
2025-08-05 17:52:09,219 - INFO -   AB241: 하위 항목 발견, 펼치기 시도
2025-08-05 17:52:15,291 - INFO - 행 7/20 처리 중 (class: 6678)
2025-08-05 17:52:15,307 - INFO - 수가코드: AB242
2025-08-05 17:52:32,280 - INFO - ✅ AB242 처리 완료 (레벨 0)
2025-08-05 17:52:32,296 - INFO -   AB242: 하위 항목 발견, 펼치기 시도
2025-08-05 17:52:38,830 - INFO - 행 8/20 처리 중 (class: 6693)
2025-08-05 17:52:38,849 - INFO - 수가코드: AB243
2025-08-05 17:52:55,792 - INFO - ✅ AB243 처리 완료 (레벨 0)
2025-08-05 17:52:55,808 - INFO -   AB243: 하위 항목 발견, 펼치기 시도
2025-08-05 17:53:02,667 - INFO - 행 9/20 처리 중 (class: 6708)
2025-08-05 17:53:02,683 - INFO - 수가코드: AB244
2025-08-05 17:53:19,652 - INFO - ✅ AB244 처리 완료 (레벨 0)
2025-08-05 17:53:19,673 - INFO -   AB244: 하위 항목 발견, 펼치기 시도
2025-08-05 17:53:26,127 - INFO - 행 10/20 처리 중 (class: 6723)
2025-08-05 17:53:26,142 - INFO - 수가코드: AB245
2025-08-05 17:53:43,114 - INFO - ✅ AB245 처리 완료 (레벨 0)
2025-08-05 17:53:43,134 - INFO -   AB245: 하위 항목 발견, 펼치기 시도
2025-08-05 17:53:49,590 - INFO - 행 11/20 처리 중 (class: 6738)
2025-08-05 17:53:49,611 - INFO - 수가코드: AB247
2025-08-05 17:54:06,604 - INFO - ✅ AB247 처리 완료 (레벨 0)
2025-08-05 17:54:06,622 - INFO -   AB247: 하위 항목 발견, 펼치기 시도
2025-08-05 17:54:13,121 - INFO - 행 12/20 처리 중 (class: 6753)
2025-08-05 17:54:13,136 - INFO - 수가코드: AB257
2025-08-05 17:54:30,099 - INFO - ✅ AB257 처리 완료 (레벨 0)
2025-08-05 17:54:30,116 - INFO -   AB257: 하위 항목 발견, 펼치기 시도
2025-08-05 17:54:36,845 - INFO - 행 13/20 처리 중 (class: 6768)
2025-08-05 17:54:36,858 - INFO - 수가코드: AB260
2025-08-05 17:54:53,820 - INFO - ✅ AB260 처리 완료 (레벨 0)
2025-08-05 17:54:53,837 - INFO -   AB260: 하위 항목 발견, 펼치기 시도
2025-08-05 17:55:01,080 - INFO - 행 14/20 처리 중 (class: 6783)
2025-08-05 17:55:01,101 - INFO - 수가코드: AB261
2025-08-05 17:55:18,131 - INFO - ✅ AB261 처리 완료 (레벨 0)
2025-08-05 17:55:18,147 - INFO -   AB261: 하위 항목 발견, 펼치기 시도
2025-08-05 17:55:24,975 - INFO - 행 15/20 처리 중 (class: 6798)
2025-08-05 17:55:24,987 - INFO - 수가코드: AB262
2025-08-05 17:55:41,965 - INFO - ✅ AB262 처리 완료 (레벨 0)
2025-08-05 17:55:41,984 - INFO -   AB262: 하위 항목 발견, 펼치기 시도
2025-08-05 17:55:49,005 - INFO - 행 16/20 처리 중 (class: 6813)
2025-08-05 17:55:49,023 - INFO - 수가코드: AB263
2025-08-05 17:56:06,005 - INFO - ✅ AB263 처리 완료 (레벨 0)
2025-08-05 17:56:06,023 - INFO -   AB263: 하위 항목 발견, 펼치기 시도
2025-08-05 17:56:13,083 - INFO - 행 17/20 처리 중 (class: 6828)
2025-08-05 17:56:13,098 - INFO - 수가코드: AB264
2025-08-05 17:56:30,110 - INFO - ✅ AB264 처리 완료 (레벨 0)
2025-08-05 17:56:30,128 - INFO -   AB264: 하위 항목 발견, 펼치기 시도
2025-08-05 17:56:38,333 - INFO - 행 18/20 처리 중 (class: 6843)
2025-08-05 17:56:38,344 - INFO - 수가코드: AB265
2025-08-05 17:56:55,403 - INFO - ✅ AB265 처리 완료 (레벨 0)
2025-08-05 17:56:55,428 - INFO -   AB265: 하위 항목 발견, 펼치기 시도
2025-08-05 17:57:02,822 - INFO - 행 19/20 처리 중 (class: 6858)
2025-08-05 17:57:02,837 - INFO - 수가코드: AB267
2025-08-05 17:57:19,848 - INFO - ✅ AB267 처리 완료 (레벨 0)
2025-08-05 17:57:19,864 - INFO -   AB267: 하위 항목 발견, 펼치기 시도
2025-08-05 17:57:27,206 - INFO - 행 20/20 처리 중 (class: 6873)
2025-08-05 17:57:27,222 - INFO - 수가코드: AB270
2025-08-05 17:57:44,238 - INFO - ✅ AB270 처리 완료 (레벨 0)
2025-08-05 17:57:44,254 - INFO -   AB270: 하위 항목 발견, 펼치기 시도
2025-08-05 17:57:52,288 - INFO - 페이지 4 완료: 메인 20개, 하위 0개 (총 20개)
2025-08-05 17:57:52,290 - INFO - CSV 저장 완료: 총 80개 항목 (메인 80개, 하위 0개)
2025-08-05 17:57:52,299 - INFO - 다음 페이지 버튼 클릭: a:has-text('5')
2025-08-05 17:57:52,740 - INFO - 데이터 로딩 완료: 300개 행 발견
2025-08-05 17:57:52,740 - INFO - 페이지 5로 이동 완료
2025-08-05 17:57:54,745 - INFO - 페이지 5 처리 시작
2025-08-05 17:57:54,821 - INFO - 페이지 5: 20개 메인 행 발견
2025-08-05 17:57:54,824 - INFO - 행 1/20 처리 중 (class: 6888)
2025-08-05 17:57:54,838 - INFO - 수가코드: AB271
2025-08-05 17:58:11,786 - INFO - ✅ AB271 처리 완료 (레벨 0)
2025-08-05 17:58:11,801 - INFO -   AB271: 하위 항목 발견, 펼치기 시도
2025-08-05 17:58:17,394 - INFO - 행 2/20 처리 중 (class: 6903)
2025-08-05 17:58:17,409 - INFO - 수가코드: AB272
2025-08-05 17:58:34,362 - INFO - ✅ AB272 처리 완료 (레벨 0)
2025-08-05 17:58:34,377 - INFO -   AB272: 하위 항목 발견, 펼치기 시도
2025-08-05 17:58:40,019 - INFO - 행 3/20 처리 중 (class: 6918)
2025-08-05 17:58:40,035 - INFO - 수가코드: AB273
2025-08-05 17:58:56,997 - INFO - ✅ AB273 처리 완료 (레벨 0)
2025-08-05 17:58:57,013 - INFO -   AB273: 하위 항목 발견, 펼치기 시도
2025-08-05 17:59:02,827 - INFO - 행 4/20 처리 중 (class: 6933)
2025-08-05 17:59:02,844 - INFO - 수가코드: AB274
2025-08-05 17:59:19,790 - INFO - ✅ AB274 처리 완료 (레벨 0)
2025-08-05 17:59:19,805 - INFO -   AB274: 하위 항목 발견, 펼치기 시도
2025-08-05 17:59:25,740 - INFO - 행 5/20 처리 중 (class: 6948)
2025-08-05 17:59:25,753 - INFO - 수가코드: AB275
2025-08-05 17:59:42,717 - INFO - ✅ AB275 처리 완료 (레벨 0)
2025-08-05 17:59:42,733 - INFO -   AB275: 하위 항목 발견, 펼치기 시도
2025-08-05 17:59:48,891 - INFO - 행 6/20 처리 중 (class: 6963)
2025-08-05 17:59:48,909 - INFO - 수가코드: AB277
2025-08-05 18:00:05,905 - INFO - ✅ AB277 처리 완료 (레벨 0)
2025-08-05 18:00:05,919 - INFO -   AB277: 하위 항목 발견, 펼치기 시도
2025-08-05 18:00:11,983 - INFO - 행 7/20 처리 중 (class: 6978)
2025-08-05 18:00:11,996 - INFO - 수가코드: AB287
2025-08-05 18:00:28,995 - INFO - ✅ AB287 처리 완료 (레벨 0)
2025-08-05 18:00:29,012 - INFO -   AB287: 하위 항목 발견, 펼치기 시도
2025-08-05 18:00:35,112 - INFO - 행 8/20 처리 중 (class: 6993)
2025-08-05 18:00:35,125 - INFO - 수가코드: AB297
2025-08-05 18:00:52,074 - INFO - ✅ AB297 처리 완료 (레벨 0)
2025-08-05 18:00:52,088 - INFO -   AB297: 하위 항목 발견, 펼치기 시도
2025-08-05 18:00:58,285 - INFO - 행 9/20 처리 중 (class: 7008)
2025-08-05 18:00:58,299 - INFO - 수가코드: AB300
2025-08-05 18:01:15,257 - INFO - ✅ AB300 처리 완료 (레벨 0)
2025-08-05 18:01:15,274 - INFO -   AB300: 하위 항목 발견, 펼치기 시도
2025-08-05 18:01:22,148 - INFO - 행 10/20 처리 중 (class: 7023)
2025-08-05 18:01:22,163 - INFO - 수가코드: AB301
2025-08-05 18:01:39,141 - INFO - ✅ AB301 처리 완료 (레벨 0)
2025-08-05 18:01:39,156 - INFO -   AB301: 하위 항목 발견, 펼치기 시도
2025-08-05 18:01:46,129 - INFO - 행 11/20 처리 중 (class: 7038)
2025-08-05 18:01:46,142 - INFO - 수가코드: AB302
2025-08-05 18:02:03,122 - INFO - ✅ AB302 처리 완료 (레벨 0)
2025-08-05 18:02:03,137 - INFO -   AB302: 하위 항목 발견, 펼치기 시도
2025-08-05 18:02:09,693 - INFO - 행 12/20 처리 중 (class: 7053)
2025-08-05 18:02:09,707 - INFO - 수가코드: AB303
2025-08-05 18:02:26,692 - INFO - ✅ AB303 처리 완료 (레벨 0)
2025-08-05 18:02:26,710 - INFO -   AB303: 하위 항목 발견, 펼치기 시도
2025-08-05 18:02:33,367 - INFO - 행 13/20 처리 중 (class: 7068)
2025-08-05 18:02:33,381 - INFO - 수가코드: AB304
2025-08-05 18:02:50,334 - INFO - ✅ AB304 처리 완료 (레벨 0)
2025-08-05 18:02:50,349 - INFO -   AB304: 하위 항목 발견, 펼치기 시도
2025-08-05 18:02:57,035 - INFO - 행 14/20 처리 중 (class: 7083)
2025-08-05 18:02:57,047 - INFO - 수가코드: AB305
2025-08-05 18:03:14,067 - INFO - ✅ AB305 처리 완료 (레벨 0)
2025-08-05 18:03:14,085 - INFO -   AB305: 하위 항목 발견, 펼치기 시도
2025-08-05 18:03:21,575 - INFO - 행 15/20 처리 중 (class: 7098)
2025-08-05 18:03:21,591 - INFO - 수가코드: AB307
2025-08-05 18:03:38,553 - INFO - ✅ AB307 처리 완료 (레벨 0)
2025-08-05 18:03:38,569 - INFO -   AB307: 하위 항목 발견, 펼치기 시도
2025-08-05 18:03:45,496 - INFO - 행 16/20 처리 중 (class: 7113)
2025-08-05 18:03:45,510 - INFO - 수가코드: AB317
2025-08-05 18:04:02,483 - INFO - ✅ AB317 처리 완료 (레벨 0)
2025-08-05 18:04:02,501 - INFO -   AB317: 하위 항목 발견, 펼치기 시도
2025-08-05 18:04:09,518 - INFO - 행 17/20 처리 중 (class: 7128)
2025-08-05 18:04:09,536 - INFO - 수가코드: AB320
2025-08-05 18:04:26,531 - INFO - ✅ AB320 처리 완료 (레벨 0)
2025-08-05 18:04:26,545 - INFO -   AB320: 하위 항목 발견, 펼치기 시도
2025-08-05 18:04:34,101 - INFO - 행 18/20 처리 중 (class: 7143)
2025-08-05 18:04:34,114 - INFO - 수가코드: AB321
2025-08-05 18:04:51,097 - INFO - ✅ AB321 처리 완료 (레벨 0)
2025-08-05 18:04:51,111 - INFO -   AB321: 하위 항목 발견, 펼치기 시도
2025-08-05 18:04:58,491 - INFO - 행 19/20 처리 중 (class: 7158)
2025-08-05 18:04:58,505 - INFO - 수가코드: AB322
2025-08-05 18:05:15,486 - INFO - ✅ AB322 처리 완료 (레벨 0)
2025-08-05 18:05:15,501 - INFO -   AB322: 하위 항목 발견, 펼치기 시도
2025-08-05 18:05:23,367 - INFO - 행 20/20 처리 중 (class: 7173)
2025-08-05 18:05:23,379 - INFO - 수가코드: AB323
2025-08-05 18:05:40,384 - INFO - ✅ AB323 처리 완료 (레벨 0)
2025-08-05 18:05:40,401 - INFO -   AB323: 하위 항목 발견, 펼치기 시도
2025-08-05 18:05:47,845 - INFO - 페이지 5 완료: 메인 20개, 하위 0개 (총 20개)
2025-08-05 18:05:47,847 - INFO - CSV 저장 완료: 총 100개 항목 (메인 100개, 하위 0개)
2025-08-05 18:05:47,857 - INFO - 다음 페이지 버튼 클릭: a:has-text('6')
2025-08-05 18:05:48,700 - INFO - 데이터 로딩 완료: 300개 행 발견
2025-08-05 18:05:48,700 - INFO - 페이지 6로 이동 완료
2025-08-05 18:05:50,708 - INFO - 페이지 6 처리 시작
2025-08-05 18:05:50,780 - INFO - 페이지 6: 20개 메인 행 발견
2025-08-05 18:05:50,785 - INFO - 행 1/20 처리 중 (class: 7188)
2025-08-05 18:05:50,801 - INFO - 수가코드: AB324
2025-08-05 18:06:07,743 - INFO - ✅ AB324 처리 완료 (레벨 0)
2025-08-05 18:06:07,758 - INFO -   AB324: 하위 항목 발견, 펼치기 시도
2025-08-05 18:06:13,285 - INFO - 행 2/20 처리 중 (class: 7203)
2025-08-05 18:06:13,301 - INFO - 수가코드: AB325
2025-08-05 18:06:30,215 - INFO - ✅ AB325 처리 완료 (레벨 0)
2025-08-05 18:06:30,231 - INFO -   AB325: 하위 항목 발견, 펼치기 시도
2025-08-05 18:06:35,843 - INFO - 행 3/20 처리 중 (class: 7218)
2025-08-05 18:06:35,856 - INFO - 수가코드: AB327
2025-08-05 18:06:52,835 - INFO - ✅ AB327 처리 완료 (레벨 0)
2025-08-05 18:06:52,849 - INFO -   AB327: 하위 항목 발견, 펼치기 시도
2025-08-05 18:06:58,566 - INFO - 행 4/20 처리 중 (class: 7233)
2025-08-05 18:06:58,578 - INFO - 수가코드: AB337
2025-08-05 18:07:15,525 - INFO - ✅ AB337 처리 완료 (레벨 0)
2025-08-05 18:07:15,538 - INFO -   AB337: 하위 항목 발견, 펼치기 시도
2025-08-05 18:07:21,371 - INFO - 행 5/20 처리 중 (class: 7248)
2025-08-05 18:07:21,384 - INFO - 수가코드: AB340
2025-08-05 18:07:38,335 - INFO - ✅ AB340 처리 완료 (레벨 0)
2025-08-05 18:07:38,349 - INFO -   AB340: 하위 항목 발견, 펼치기 시도
2025-08-05 18:07:44,297 - INFO - 행 6/20 처리 중 (class: 7263)
2025-08-05 18:07:44,311 - INFO - 수가코드: AB341
2025-08-05 18:08:01,231 - INFO - ✅ AB341 처리 완료 (레벨 0)
2025-08-05 18:08:01,247 - INFO -   AB341: 하위 항목 발견, 펼치기 시도
2025-08-05 18:08:07,307 - INFO - 행 7/20 처리 중 (class: 7278)
2025-08-05 18:08:07,320 - INFO - 수가코드: AB342
2025-08-05 18:08:24,256 - INFO - ✅ AB342 처리 완료 (레벨 0)
2025-08-05 18:08:24,269 - INFO -   AB342: 하위 항목 발견, 펼치기 시도
2025-08-05 18:08:30,451 - INFO - 행 8/20 처리 중 (class: 7293)
2025-08-05 18:08:30,463 - INFO - 수가코드: AB343
2025-08-05 18:08:47,406 - INFO - ✅ AB343 처리 완료 (레벨 0)
2025-08-05 18:08:47,422 - INFO -   AB343: 하위 항목 발견, 펼치기 시도
2025-08-05 18:08:53,658 - INFO - 행 9/20 처리 중 (class: 7308)
2025-08-05 18:08:53,671 - INFO - 수가코드: AB344
2025-08-05 18:09:10,599 - INFO - ✅ AB344 처리 완료 (레벨 0)
2025-08-05 18:09:10,614 - INFO -   AB344: 하위 항목 발견, 펼치기 시도
2025-08-05 18:09:17,361 - INFO - 행 10/20 처리 중 (class: 7323)
2025-08-05 18:09:17,387 - INFO - 수가코드: AB345
2025-08-05 18:09:34,417 - INFO - ✅ AB345 처리 완료 (레벨 0)
2025-08-05 18:09:34,432 - INFO -   AB345: 하위 항목 발견, 펼치기 시도
2025-08-05 18:09:41,379 - INFO - 행 11/20 처리 중 (class: 7338)
2025-08-05 18:09:41,394 - INFO - 수가코드: AB347
2025-08-05 18:09:58,345 - INFO - ✅ AB347 처리 완료 (레벨 0)
2025-08-05 18:09:58,359 - INFO -   AB347: 하위 항목 발견, 펼치기 시도
2025-08-05 18:10:04,898 - INFO - 행 12/20 처리 중 (class: 7353)
2025-08-05 18:10:04,911 - INFO - 수가코드: AB357
2025-08-05 18:10:21,918 - INFO - ✅ AB357 처리 완료 (레벨 0)
2025-08-05 18:10:21,934 - INFO -   AB357: 하위 항목 발견, 펼치기 시도
2025-08-05 18:10:28,606 - INFO - 행 13/20 처리 중 (class: 7368)
2025-08-05 18:10:28,620 - INFO - 수가코드: AB400
2025-08-05 18:10:45,555 - INFO - ✅ AB400 처리 완료 (레벨 0)
2025-08-05 18:10:45,567 - INFO -   AB400: 하위 항목 발견, 펼치기 시도
2025-08-05 18:10:52,321 - INFO - 행 14/20 처리 중 (class: 7383)
2025-08-05 18:10:52,331 - INFO - 수가코드: AB401
2025-08-05 18:11:09,254 - INFO - ✅ AB401 처리 완료 (레벨 0)
2025-08-05 18:11:09,269 - INFO -   AB401: 하위 항목 발견, 펼치기 시도
2025-08-05 18:11:17,205 - INFO - 행 15/20 처리 중 (class: 7398)
2025-08-05 18:11:17,219 - INFO - 수가코드: AB402
2025-08-05 18:11:34,178 - INFO - ✅ AB402 처리 완료 (레벨 0)
2025-08-05 18:11:34,191 - INFO -   AB402: 하위 항목 발견, 펼치기 시도
2025-08-05 18:11:41,121 - INFO - 행 16/20 처리 중 (class: 7413)
2025-08-05 18:11:41,131 - INFO - 수가코드: AB403
2025-08-05 18:11:58,084 - INFO - ✅ AB403 처리 완료 (레벨 0)
2025-08-05 18:11:58,097 - INFO -   AB403: 하위 항목 발견, 펼치기 시도
2025-08-05 18:12:05,056 - INFO - 행 17/20 처리 중 (class: 7428)
2025-08-05 18:12:05,068 - INFO - 수가코드: AB404
2025-08-05 18:12:22,034 - INFO - ✅ AB404 처리 완료 (레벨 0)
2025-08-05 18:12:22,046 - INFO -   AB404: 하위 항목 발견, 펼치기 시도
2025-08-05 18:12:29,091 - INFO - 행 18/20 처리 중 (class: 7443)
2025-08-05 18:12:29,102 - INFO - 수가코드: AB405
2025-08-05 18:12:46,062 - INFO - ✅ AB405 처리 완료 (레벨 0)
2025-08-05 18:12:46,075 - INFO -   AB405: 하위 항목 발견, 펼치기 시도
2025-08-05 18:12:53,625 - INFO - 행 19/20 처리 중 (class: 7458)
2025-08-05 18:12:53,637 - INFO - 수가코드: AB420
2025-08-05 18:13:10,593 - INFO - ✅ AB420 처리 완료 (레벨 0)
2025-08-05 18:13:10,605 - INFO -   AB420: 하위 항목 발견, 펼치기 시도
2025-08-05 18:13:17,781 - INFO - 행 20/20 처리 중 (class: 7473)
2025-08-05 18:13:17,791 - INFO - 수가코드: AB421
2025-08-05 18:13:34,753 - INFO - ✅ AB421 처리 완료 (레벨 0)
2025-08-05 18:13:34,768 - INFO -   AB421: 하위 항목 발견, 펼치기 시도
2025-08-05 18:13:42,105 - INFO - 페이지 6 완료: 메인 20개, 하위 0개 (총 20개)
2025-08-05 18:13:42,106 - INFO - CSV 저장 완료: 총 120개 항목 (메인 120개, 하위 0개)
2025-08-05 18:13:42,117 - INFO - 다음 페이지 버튼 클릭: a:has-text('7')
2025-08-05 18:13:42,547 - INFO - 데이터 로딩 완료: 300개 행 발견
2025-08-05 18:13:42,548 - INFO - 페이지 7로 이동 완료
2025-08-05 18:13:44,551 - INFO - 페이지 7 처리 시작
2025-08-05 18:13:44,627 - INFO - 페이지 7: 20개 메인 행 발견
2025-08-05 18:13:44,632 - INFO - 행 1/20 처리 중 (class: 7488)
2025-08-05 18:13:44,645 - INFO - 수가코드: AB422
2025-08-05 18:14:01,555 - INFO - ✅ AB422 처리 완료 (레벨 0)
2025-08-05 18:14:01,567 - INFO -   AB422: 하위 항목 발견, 펼치기 시도
2025-08-05 18:14:07,158 - INFO - 행 2/20 처리 중 (class: 7503)
2025-08-05 18:14:07,171 - INFO - 수가코드: AB423
2025-08-05 18:14:24,106 - INFO - ✅ AB423 처리 완료 (레벨 0)
2025-08-05 18:14:24,122 - INFO -   AB423: 하위 항목 발견, 펼치기 시도
2025-08-05 18:14:29,781 - INFO - 행 3/20 처리 중 (class: 7518)
2025-08-05 18:14:29,795 - INFO - 수가코드: AB424
2025-08-05 18:14:46,702 - INFO - ✅ AB424 처리 완료 (레벨 0)
2025-08-05 18:14:46,714 - INFO -   AB424: 하위 항목 발견, 펼치기 시도
2025-08-05 18:14:52,909 - INFO - 행 4/20 처리 중 (class: 7533)
2025-08-05 18:14:52,919 - INFO - 수가코드: AB425
2025-08-05 18:15:09,825 - INFO - ✅ AB425 처리 완료 (레벨 0)
2025-08-05 18:15:09,838 - INFO -   AB425: 하위 항목 발견, 펼치기 시도
2025-08-05 18:15:15,685 - INFO - 행 5/20 처리 중 (class: 7548)
2025-08-05 18:15:15,697 - INFO - 수가코드: AB440
2025-08-05 18:15:32,631 - INFO - ✅ AB440 처리 완료 (레벨 0)
2025-08-05 18:15:32,645 - INFO -   AB440: 하위 항목 발견, 펼치기 시도
2025-08-05 18:15:38,557 - INFO - 행 6/20 처리 중 (class: 7563)
2025-08-05 18:15:38,568 - INFO - 수가코드: AB441
2025-08-05 18:15:55,516 - INFO - ✅ AB441 처리 완료 (레벨 0)
2025-08-05 18:15:55,529 - INFO -   AB441: 하위 항목 발견, 펼치기 시도
2025-08-05 18:16:02,045 - INFO - 행 7/20 처리 중 (class: 7578)
2025-08-05 18:16:02,055 - INFO - 수가코드: AB442
2025-08-05 18:16:18,984 - INFO - ✅ AB442 처리 완료 (레벨 0)
2025-08-05 18:16:19,001 - INFO -   AB442: 하위 항목 발견, 펼치기 시도
2025-08-05 18:16:25,164 - INFO - 행 8/20 처리 중 (class: 7593)
2025-08-05 18:16:25,175 - INFO - 수가코드: AB443
2025-08-05 18:16:42,133 - INFO - ✅ AB443 처리 완료 (레벨 0)
2025-08-05 18:16:42,145 - INFO -   AB443: 하위 항목 발견, 펼치기 시도
2025-08-05 18:16:48,471 - INFO - 행 9/20 처리 중 (class: 7608)
2025-08-05 18:16:48,481 - INFO - 수가코드: AB444
2025-08-05 18:17:05,456 - INFO - ✅ AB444 처리 완료 (레벨 0)
2025-08-05 18:17:05,469 - INFO -   AB444: 하위 항목 발견, 펼치기 시도
2025-08-05 18:17:11,764 - INFO - 행 10/20 처리 중 (class: 7623)
2025-08-05 18:17:11,775 - INFO - 수가코드: AB445
2025-08-05 18:17:28,803 - INFO - ✅ AB445 처리 완료 (레벨 0)
2025-08-05 18:17:28,817 - INFO -   AB445: 하위 항목 발견, 펼치기 시도
2025-08-05 18:17:35,169 - INFO - 행 11/20 처리 중 (class: 8298)
2025-08-05 18:17:35,180 - INFO - 수가코드: AC001
2025-08-05 18:17:37,229 - INFO - ✅ AC001 처리 완료 (레벨 0)
2025-08-05 18:17:37,242 - INFO -   AC001: 하위 항목 발견, 펼치기 시도
2025-08-05 18:17:43,873 - INFO - 행 12/20 처리 중 (class: 8299)
2025-08-05 18:17:43,883 - INFO - 수가코드: AC002
2025-08-05 18:17:45,964 - INFO - ✅ AC002 처리 완료 (레벨 0)
2025-08-05 18:17:45,976 - INFO -   AC002: 하위 항목 발견, 펼치기 시도
2025-08-05 18:17:52,277 - INFO - 행 13/20 처리 중 (class: 8300)
2025-08-05 18:17:52,288 - INFO - 수가코드: AC003
2025-08-05 18:17:54,354 - INFO - ✅ AC003 처리 완료 (레벨 0)
2025-08-05 18:17:54,367 - INFO -   AC003: 하위 항목 발견, 펼치기 시도
2025-08-05 18:18:00,855 - INFO - 행 14/20 처리 중 (class: 8301)
2025-08-05 18:18:00,867 - INFO - 수가코드: AC004
2025-08-05 18:18:02,933 - INFO - ✅ AC004 처리 완료 (레벨 0)
2025-08-05 18:18:02,945 - INFO -   AC004: 하위 항목 발견, 펼치기 시도
2025-08-05 18:18:09,366 - INFO - 행 15/20 처리 중 (class: 8302)
2025-08-05 18:18:09,377 - INFO - 수가코드: AC005
2025-08-05 18:18:11,430 - INFO - ✅ AC005 처리 완료 (레벨 0)
2025-08-05 18:18:11,441 - INFO -   AC005: 하위 항목 발견, 펼치기 시도
2025-08-05 18:18:17,924 - INFO - 행 16/20 처리 중 (class: 8303)
2025-08-05 18:18:17,935 - INFO - 수가코드: AC006
2025-08-05 18:18:19,984 - INFO - ✅ AC006 처리 완료 (레벨 0)
2025-08-05 18:18:19,997 - INFO -   AC006: 하위 항목 발견, 펼치기 시도
2025-08-05 18:18:26,642 - INFO - 행 17/20 처리 중 (class: 8304)
2025-08-05 18:18:26,653 - INFO - 수가코드: AC007
2025-08-05 18:18:28,701 - INFO - ✅ AC007 처리 완료 (레벨 0)
2025-08-05 18:18:28,712 - INFO -   AC007: 하위 항목 발견, 펼치기 시도
2025-08-05 18:18:35,258 - INFO - 행 18/20 처리 중 (class: 8305)
2025-08-05 18:18:35,269 - INFO - 수가코드: AC031
2025-08-05 18:18:37,316 - INFO - ✅ AC031 처리 완료 (레벨 0)
2025-08-05 18:18:37,328 - INFO -   AC031: 하위 항목 발견, 펼치기 시도
2025-08-05 18:18:43,741 - INFO - 행 19/20 처리 중 (class: 8306)
2025-08-05 18:18:43,753 - INFO - 수가코드: AC032
2025-08-05 18:18:45,853 - INFO - ✅ AC032 처리 완료 (레벨 0)
2025-08-05 18:18:45,865 - INFO -   AC032: 하위 항목 발견, 펼치기 시도
2025-08-05 18:18:52,976 - INFO - 행 20/20 처리 중 (class: 8307)
2025-08-05 18:18:52,988 - INFO - 수가코드: AC033
2025-08-05 18:18:55,085 - INFO - ✅ AC033 처리 완료 (레벨 0)
2025-08-05 18:18:55,099 - INFO -   AC033: 하위 항목 발견, 펼치기 시도
2025-08-05 18:19:01,707 - INFO - 페이지 7 완료: 메인 20개, 하위 0개 (총 20개)
2025-08-05 18:19:01,709 - INFO - CSV 저장 완료: 총 140개 항목 (메인 140개, 하위 0개)
2025-08-05 18:19:01,717 - INFO - 다음 페이지 버튼 클릭: a:has-text('8')
2025-08-05 18:19:02,119 - INFO - 데이터 로딩 완료: 160개 행 발견
2025-08-05 18:19:02,119 - INFO - 페이지 8로 이동 완료
2025-08-05 18:19:04,134 - INFO - 페이지 8 처리 시작
2025-08-05 18:19:04,203 - INFO - 페이지 8: 20개 메인 행 발견
2025-08-05 18:19:04,206 - INFO - 행 1/20 처리 중 (class: 8308)
2025-08-05 18:19:04,216 - INFO - 수가코드: AC034
2025-08-05 18:19:06,346 - INFO - ✅ AC034 처리 완료 (레벨 0)
2025-08-05 18:19:06,360 - INFO -   AC034: 하위 항목 발견, 펼치기 시도
2025-08-05 18:19:11,941 - INFO - 행 2/20 처리 중 (class: 8309)
2025-08-05 18:19:11,955 - INFO - 수가코드: AC301
2025-08-05 18:19:14,191 - INFO - ✅ AC301 처리 완료 (레벨 0)
2025-08-05 18:19:14,219 - INFO -   AC034: 하위 항목 발견, 펼치기 시도
2025-08-05 18:19:19,788 - INFO - 행 3/20 처리 중 (class: 8321)
2025-08-05 18:19:19,799 - INFO - 수가코드: AC302
2025-08-05 18:19:21,872 - INFO - ✅ AC302 처리 완료 (레벨 0)
2025-08-05 18:19:21,893 - INFO -   AC034: 하위 항목 발견, 펼치기 시도
2025-08-05 18:19:27,526 - INFO - 행 4/20 처리 중 (class: 8333)
2025-08-05 18:19:27,538 - INFO - 수가코드: AC303
2025-08-05 18:19:29,601 - INFO - ✅ AC303 처리 완료 (레벨 0)
2025-08-05 18:19:29,615 - INFO -   AC034: 하위 항목 발견, 펼치기 시도
2025-08-05 18:19:35,714 - INFO - 행 5/20 처리 중 (class: 8345)
2025-08-05 18:19:35,725 - INFO - 수가코드: AC304
2025-08-05 18:19:37,814 - INFO - ✅ AC304 처리 완료 (레벨 0)
2025-08-05 18:19:37,829 - INFO -   AC034: 하위 항목 발견, 펼치기 시도
2025-08-05 18:19:43,597 - INFO - 행 6/20 처리 중 (class: 8357)
2025-08-05 18:19:43,609 - INFO - 수가코드: AC410
2025-08-05 18:19:45,670 - INFO - ✅ AC410 처리 완료 (레벨 0)
2025-08-05 18:19:45,683 - INFO -   AC410: 하위 항목 발견, 펼치기 시도
2025-08-05 18:19:51,531 - INFO - 행 7/20 처리 중 (class: 8358)
2025-08-05 18:19:51,545 - INFO - 수가코드: AC421
2025-08-05 18:19:53,574 - INFO - ✅ AC421 처리 완료 (레벨 0)
2025-08-05 18:19:53,590 - INFO -   AC421: 하위 항목 발견, 펼치기 시도
2025-08-05 18:19:59,433 - INFO - 행 8/20 처리 중 (class: 8359)
2025-08-05 18:19:59,450 - INFO - 수가코드: AC422
2025-08-05 18:20:01,494 - INFO - ✅ AC422 처리 완료 (레벨 0)
2025-08-05 18:20:01,507 - INFO -   AC422: 하위 항목 발견, 펼치기 시도
2025-08-05 18:20:07,370 - INFO - 행 9/20 처리 중 (class: 8360)
2025-08-05 18:20:07,382 - INFO - 수가코드: AC430
2025-08-05 18:20:09,461 - INFO - ✅ AC430 처리 완료 (레벨 0)
2025-08-05 18:20:09,473 - INFO -   AC430: 하위 항목 발견, 펼치기 시도
2025-08-05 18:20:15,299 - INFO - 행 10/20 처리 중 (class: 8361)
2025-08-05 18:20:15,311 - INFO - 수가코드: AC600
2025-08-05 18:20:17,402 - INFO - ✅ AC600 처리 완료 (레벨 0)
2025-08-05 18:20:17,422 - INFO -   AC600: 하위 항목 발견, 펼치기 시도
2025-08-05 18:20:23,274 - INFO - 행 11/20 처리 중 (class: 8362)
2025-08-05 18:20:23,285 - INFO - 수가코드: AC611
2025-08-05 18:20:25,365 - INFO - ✅ AC611 처리 완료 (레벨 0)
2025-08-05 18:20:25,379 - INFO -   AC600: 하위 항목 발견, 펼치기 시도
2025-08-05 18:20:31,216 - INFO - 행 12/20 처리 중 (class: 8365)
2025-08-05 18:20:31,227 - INFO - 수가코드: AC612
2025-08-05 18:20:33,316 - INFO - ✅ AC612 처리 완료 (레벨 0)
2025-08-05 18:20:33,332 - INFO -   AC600: 하위 항목 발견, 펼치기 시도
2025-08-05 18:20:39,230 - INFO - 행 13/20 처리 중 (class: 8368)
2025-08-05 18:20:39,243 - INFO - 수가코드: AC621
2025-08-05 18:20:41,335 - INFO - ✅ AC621 처리 완료 (레벨 0)
2025-08-05 18:20:41,351 - INFO -   AC600: 하위 항목 발견, 펼치기 시도
2025-08-05 18:20:47,291 - INFO - 행 14/20 처리 중 (class: 8371)
2025-08-05 18:20:47,303 - INFO - 수가코드: AC622
2025-08-05 18:20:49,370 - INFO - ✅ AC622 처리 완료 (레벨 0)
2025-08-05 18:20:49,383 - INFO -   AC600: 하위 항목 발견, 펼치기 시도
2025-08-05 18:20:55,341 - INFO - 행 15/20 처리 중 (class: 8374)
2025-08-05 18:20:55,353 - INFO - 수가코드: AC632
2025-08-05 18:20:57,470 - INFO - ✅ AC632 처리 완료 (레벨 0)
2025-08-05 18:20:57,487 - INFO -   AC600: 하위 항목 발견, 펼치기 시도
2025-08-05 18:21:03,337 - INFO - 행 16/20 처리 중 (class: 8377)
2025-08-05 18:21:03,352 - INFO - 수가코드: AC711
2025-08-05 18:21:05,474 - INFO - ✅ AC711 처리 완료 (레벨 0)
2025-08-05 18:21:05,488 - INFO -   AC711: 하위 항목 발견, 펼치기 시도
2025-08-05 18:21:11,873 - INFO - 행 17/20 처리 중 (class: 8378)
2025-08-05 18:21:11,885 - INFO - 수가코드: AC712
2025-08-05 18:21:13,957 - INFO - ✅ AC712 처리 완료 (레벨 0)
2025-08-05 18:21:13,971 - INFO -   AC712: 하위 항목 발견, 펼치기 시도
2025-08-05 18:21:19,933 - INFO - 행 18/20 처리 중 (class: 8379)
2025-08-05 18:21:19,945 - INFO - 수가코드: AC721
2025-08-05 18:21:22,074 - INFO - ✅ AC721 처리 완료 (레벨 0)
2025-08-05 18:21:22,090 - INFO -   AC721: 하위 항목 발견, 펼치기 시도
2025-08-05 18:21:28,013 - INFO - 행 19/20 처리 중 (class: 8380)
2025-08-05 18:21:28,041 - INFO - 수가코드: AC722
2025-08-05 18:21:30,128 - INFO - ✅ AC722 처리 완료 (레벨 0)
2025-08-05 18:21:30,141 - INFO -   AC722: 하위 항목 발견, 펼치기 시도
2025-08-05 18:21:36,086 - INFO - 행 20/20 처리 중 (class: 8381)
2025-08-05 18:21:36,104 - INFO - 수가코드: AC731
2025-08-05 18:21:38,191 - INFO - ✅ AC731 처리 완료 (레벨 0)
2025-08-05 18:21:38,206 - INFO -   AC731: 하위 항목 발견, 펼치기 시도
2025-08-05 18:21:44,158 - INFO - 페이지 8 완료: 메인 20개, 하위 0개 (총 20개)
2025-08-05 18:21:44,161 - INFO - CSV 저장 완료: 총 160개 항목 (메인 160개, 하위 0개)
2025-08-05 18:21:44,170 - INFO - 다음 페이지 버튼 클릭: a:has-text('9')
2025-08-05 18:21:44,495 - INFO - 데이터 로딩 완료: 74개 행 발견
2025-08-05 18:21:44,496 - INFO - 페이지 9로 이동 완료
2025-08-05 18:21:46,502 - INFO - 페이지 9 처리 시작
2025-08-05 18:21:46,591 - INFO - 페이지 9: 20개 메인 행 발견
2025-08-05 18:21:46,595 - INFO - 행 1/20 처리 중 (class: 8382)
2025-08-05 18:21:46,610 - INFO - 수가코드: AC732
2025-08-05 18:21:48,674 - INFO - ✅ AC732 처리 완료 (레벨 0)
2025-08-05 18:21:48,687 - INFO -   AC732: 하위 항목 발견, 펼치기 시도
2025-08-05 18:21:54,268 - INFO - 행 2/20 처리 중 (class: 8383)
2025-08-05 18:21:54,281 - INFO - 수가코드: AC741
2025-08-05 18:21:56,362 - INFO - ✅ AC741 처리 완료 (레벨 0)
2025-08-05 18:21:56,376 - INFO -   AC741: 하위 항목 발견, 펼치기 시도
2025-08-05 18:22:01,931 - INFO - 행 3/20 처리 중 (class: 8384)
2025-08-05 18:22:01,944 - INFO - 수가코드: AC742
2025-08-05 18:22:03,995 - INFO - ✅ AC742 처리 완료 (레벨 0)
2025-08-05 18:22:04,007 - INFO -   AC742: 하위 항목 발견, 펼치기 시도
2025-08-05 18:22:09,556 - INFO - 행 4/20 처리 중 (class: 8385)
2025-08-05 18:22:09,567 - INFO - 수가코드: AD100
2025-08-05 18:22:11,599 - INFO - ✅ AD100 처리 완료 (레벨 0)
2025-08-05 18:22:11,614 - INFO -   AC742: 하위 항목 발견, 펼치기 시도
2025-08-05 18:22:17,138 - INFO - 행 5/20 처리 중 (class: 8388)
2025-08-05 18:22:17,150 - INFO - 수가코드: AD101
2025-08-05 18:22:19,208 - INFO - ✅ AD101 처리 완료 (레벨 0)
2025-08-05 18:22:19,221 - INFO -   AC742: 하위 항목 발견, 펼치기 시도
2025-08-05 18:22:24,791 - INFO - 행 6/20 처리 중 (class: 8391)
2025-08-05 18:22:24,806 - INFO - 수가코드: AD200
2025-08-05 18:22:26,899 - INFO - ✅ AD200 처리 완료 (레벨 0)
2025-08-05 18:22:26,913 - INFO -   AC742: 하위 항목 발견, 펼치기 시도
2025-08-05 18:22:32,538 - INFO - 행 7/20 처리 중 (class: 8394)
2025-08-05 18:22:32,552 - INFO - 수가코드: AD201
2025-08-05 18:22:34,661 - INFO - ✅ AD201 처리 완료 (레벨 0)
2025-08-05 18:22:34,677 - INFO -   AC742: 하위 항목 발견, 펼치기 시도
2025-08-05 18:22:40,264 - INFO - 행 8/20 처리 중 (class: 8397)
2025-08-05 18:22:40,275 - INFO - 수가코드: AD300
2025-08-05 18:22:42,355 - INFO - ✅ AD300 처리 완료 (레벨 0)
2025-08-05 18:22:42,369 - INFO -   AC742: 하위 항목 발견, 펼치기 시도
2025-08-05 18:22:47,976 - INFO - 행 9/20 처리 중 (class: 8400)
2025-08-05 18:22:47,991 - INFO - 수가코드: AD301
2025-08-05 18:22:50,106 - INFO - ✅ AD301 처리 완료 (레벨 0)
2025-08-05 18:22:50,127 - INFO -   AC742: 하위 항목 발견, 펼치기 시도
2025-08-05 18:22:55,753 - INFO - 행 10/20 처리 중 (class: 8403)
2025-08-05 18:22:55,764 - INFO - 수가코드: AD400
2025-08-05 18:22:57,870 - INFO - ✅ AD400 처리 완료 (레벨 0)
2025-08-05 18:22:57,886 - INFO -   AC742: 하위 항목 발견, 펼치기 시도
2025-08-05 18:23:03,535 - INFO - 행 11/20 처리 중 (class: 8406)
2025-08-05 18:23:03,551 - INFO - 수가코드: AD401
2025-08-05 18:23:05,681 - INFO - ✅ AD401 처리 완료 (레벨 0)
2025-08-05 18:23:05,695 - INFO -   AC742: 하위 항목 발견, 펼치기 시도
2025-08-05 18:23:11,304 - INFO - 행 12/20 처리 중 (class: 8409)
2025-08-05 18:23:11,316 - INFO - 수가코드: AE100
2025-08-05 18:23:13,473 - INFO - ✅ AE100 처리 완료 (레벨 0)
2025-08-05 18:23:13,490 - INFO -   AE100: 하위 항목 발견, 펼치기 시도
2025-08-05 18:23:19,193 - INFO - 행 13/20 처리 중 (class: 8410)
2025-08-05 18:23:19,204 - INFO - 수가코드: AF100
2025-08-05 18:23:21,267 - INFO - ✅ AF100 처리 완료 (레벨 0)
2025-08-05 18:23:21,281 - INFO -   AF100: 하위 항목 발견, 펼치기 시도
2025-08-05 18:23:26,893 - INFO - 행 14/20 처리 중 (class: 8411)
2025-08-05 18:23:26,905 - INFO - 수가코드: AF200
2025-08-05 18:23:28,987 - INFO - ✅ AF200 처리 완료 (레벨 0)
2025-08-05 18:23:29,001 - INFO -   AF200: 하위 항목 발견, 펼치기 시도
2025-08-05 18:23:34,709 - INFO - 행 15/20 처리 중 (class: 8412)
2025-08-05 18:23:34,721 - INFO - 수가코드: AF300
2025-08-05 18:23:37,401 - INFO - ✅ AF300 처리 완료 (레벨 0)
2025-08-05 18:23:37,417 - INFO -   AF300: 하위 항목 발견, 펼치기 시도
2025-08-05 18:23:43,090 - INFO - 행 16/20 처리 중 (class: 8413)
2025-08-05 18:23:43,106 - INFO - 수가코드: AF400
2025-08-05 18:23:45,240 - INFO - ✅ AF400 처리 완료 (레벨 0)
2025-08-05 18:23:45,256 - INFO -   AF400: 하위 항목 발견, 펼치기 시도
2025-08-05 18:23:51,451 - INFO - 행 17/20 처리 중 (class: 8479)
2025-08-05 18:23:51,464 - INFO - 수가코드: AG111
2025-08-05 18:23:53,629 - INFO - ✅ AG111 처리 완료 (레벨 0)
2025-08-05 18:23:53,690 - INFO -   AF400: 하위 항목 발견, 펼치기 시도
2025-08-05 18:23:59,501 - INFO - 행 18/20 처리 중 (class: 8482)
2025-08-05 18:23:59,517 - INFO - 수가코드: AG112
2025-08-05 18:24:01,624 - INFO - ✅ AG112 처리 완료 (레벨 0)
2025-08-05 18:24:01,638 - INFO -   AF400: 하위 항목 발견, 펼치기 시도
2025-08-05 18:24:07,335 - INFO - 행 19/20 처리 중 (class: 8485)
2025-08-05 18:24:07,347 - INFO - 수가코드: AG113
2025-08-05 18:24:09,443 - INFO - ✅ AG113 처리 완료 (레벨 0)
2025-08-05 18:24:09,458 - INFO -   AF400: 하위 항목 발견, 펼치기 시도
2025-08-05 18:24:15,183 - INFO - 행 20/20 처리 중 (class: 8488)
2025-08-05 18:24:15,197 - INFO - 수가코드: AG121
2025-08-05 18:24:17,328 - INFO - ✅ AG121 처리 완료 (레벨 0)
2025-08-05 18:24:17,348 - INFO -   AF400: 하위 항목 발견, 펼치기 시도
2025-08-05 18:24:23,103 - INFO - 페이지 9 완료: 메인 20개, 하위 0개 (총 20개)
2025-08-05 18:24:23,106 - INFO - CSV 저장 완료: 총 180개 항목 (메인 180개, 하위 0개)
2025-08-05 18:24:23,115 - INFO - 다음 페이지 버튼 클릭: a:has-text('10')
2025-08-05 18:24:23,440 - INFO - 데이터 로딩 완료: 44개 행 발견
2025-08-05 18:24:23,440 - INFO - 페이지 10로 이동 완료
2025-08-05 18:24:25,454 - INFO - 페이지 10 처리 시작
2025-08-05 18:24:25,501 - INFO - 페이지 10: 12개 메인 행 발견
2025-08-05 18:24:25,505 - INFO - 행 1/12 처리 중 (class: 265488)
2025-08-05 18:24:25,516 - INFO - 수가코드: AX100
2025-08-05 18:24:27,575 - INFO - ✅ AX100 처리 완료 (레벨 0)
2025-08-05 18:24:27,588 - INFO -   AX100: 하위 항목 발견, 펼치기 시도
2025-08-05 18:24:33,069 - INFO - 행 2/12 처리 중 (class: 265489)
2025-08-05 18:24:33,082 - INFO - 수가코드: AX900
2025-08-05 18:24:35,159 - INFO - ✅ AX900 처리 완료 (레벨 0)
2025-08-05 18:24:35,173 - INFO -   AX900: 하위 항목 발견, 펼치기 시도
2025-08-05 18:24:40,670 - INFO - 행 3/12 처리 중 (class: 265490)
2025-08-05 18:24:40,681 - INFO - 수가코드: AY100
2025-08-05 18:24:42,778 - INFO - ✅ AY100 처리 완료 (레벨 0)
2025-08-05 18:24:42,791 - INFO -   AX900: 하위 항목 발견, 펼치기 시도
2025-08-05 18:24:48,302 - INFO - 행 4/12 처리 중 (class: 265492)
2025-08-05 18:24:48,314 - INFO - 수가코드: AY101
2025-08-05 18:24:50,433 - INFO - ✅ AY101 처리 완료 (레벨 0)
2025-08-05 18:24:50,447 - INFO -   AX900: 하위 항목 발견, 펼치기 시도
2025-08-05 18:24:55,912 - INFO - 행 5/12 처리 중 (class: 265494)
2025-08-05 18:24:55,926 - INFO - 수가코드: AY102
2025-08-05 18:24:57,988 - INFO - ✅ AY102 처리 완료 (레벨 0)
2025-08-05 18:24:58,001 - INFO -   AY102: 하위 항목 발견, 펼치기 시도
2025-08-05 18:25:03,529 - INFO - 행 6/12 처리 중 (class: 265495)
2025-08-05 18:25:03,548 - INFO - 수가코드: AY110
2025-08-05 18:25:05,623 - INFO - ✅ AY110 처리 완료 (레벨 0)
2025-08-05 18:25:05,637 - INFO -   AY102: 하위 항목 발견, 펼치기 시도
2025-08-05 18:25:11,166 - INFO - 행 7/12 처리 중 (class: 265497)
2025-08-05 18:25:11,177 - INFO - 수가코드: AY111
2025-08-05 18:25:13,242 - INFO - ✅ AY111 처리 완료 (레벨 0)
2025-08-05 18:25:13,253 - INFO -   AY102: 하위 항목 발견, 펼치기 시도
2025-08-05 18:25:18,735 - INFO - 행 8/12 처리 중 (class: 265499)
2025-08-05 18:25:18,745 - INFO - 수가코드: AY112
2025-08-05 18:25:20,844 - INFO - ✅ AY112 처리 완료 (레벨 0)
2025-08-05 18:25:20,857 - INFO -   AY112: 하위 항목 발견, 펼치기 시도
2025-08-05 18:25:26,402 - INFO - 행 9/12 처리 중 (class: 265500)
2025-08-05 18:25:26,414 - INFO - 수가코드: AY200
2025-08-05 18:25:28,505 - INFO - ✅ AY200 처리 완료 (레벨 0)
2025-08-05 18:25:28,520 - INFO -   AY112: 하위 항목 발견, 펼치기 시도
2025-08-05 18:25:34,006 - INFO - 행 10/12 처리 중 (class: 265502)
2025-08-05 18:25:34,017 - INFO - 수가코드: AY201
2025-08-05 18:25:36,101 - INFO - ✅ AY201 처리 완료 (레벨 0)
2025-08-05 18:25:36,113 - INFO -   AY112: 하위 항목 발견, 펼치기 시도
